MPMC (Massively Parallel Monte Carlo) 2012 GNU Public License
For version info, use "svn info"
MAIN: processes started on 1 cores @ 2015-3-20 0:20:26
MAIN: Job running on node -> surface22
MAIN: CPU -> model name	: Intel(R) Xeon(R) CPU E5-2670 0 @ 2.60GHz
MAIN: running parameters found in input
INPUT: finished reading config file
INPUT: Canonical ensemble
INPUT: each core performing 50 simulation steps
INPUT: system correlation time is 10 steps
INPUT: system temperature is 77.000 K
INPUT: system free_volume is 6335.290 A^3
INPUT: spinflip probability is 0.000000.
INPUT: displace probability is 1.000000.
INPUT: translation change factor is 0.010
INPUT: rotation change factor is 1.000
INPUT: rd long-range corrections are ON
INPUT: Feynman-Hibbs effective potential activated
INPUT: Feynman-Hibbs fourth-order quantum correction activated
INPUT: Thole polarization activated
INPUT: Thole exponential damping activated
INPUT: Thole damping parameter is 2.1304
INPUT: Thole iterative solver activated
INPUT: using polar max SCF iterations = 10
INPUT: Pre-cond/SOR/ESOR gamma = 1.000
INPUT: Job Name: untitled
INPUT: initial molecular coordinates are in ./small.initial.pdb
INPUT: will be writing final configuration to ./small.final.pdb
INPUT: will be writing restart configuration to ./small.restart.pdb
INPUT: will be writing energy output to ./small.energy.dat
INPUT: will be writing trajectory to ./small.traj.pdb
INPUT: dipole field will be written to ./small.dipole.dat
INPUT: field field will be written to ./small.field.dat
INPUT: config file validated
INPUT: finished reading in molecules
INPUT: unit cell volume = 11324.990 A^3 (cutoff = 11.228 A)
INPUT: Basis vectors { a =   22.457 	b =   22.457 	c =   22.457 }
INPUT: Basis angles  { α =   90.000 	β =   90.000 	γ =   90.000 }
INPUT: simulation box configured.
INPUT: finished allocating pair lists
INPUT: finished calculating pairwise interactions
INPUT: Ewald gaussian width = 0.311711 A
INPUT: Ewald kmax = 7
MAIN: the simulation has been initialized
MAIN: signal handler installed
MT: core[0] seeds are set to 3304956788 2387203571 2226734175 3268980279
MAIN: *************************************************
MAIN: *** starting Canonical Monte Carlo simulation ***
MAIN: *************************************************
mu MOLECULE ATOM * DIPOLES * STATIC * INDUCED * pot/atom -0.5*mu*E_s
mu    1    1 *  0.19051 -0.05424 -0.01678 *  0.27760 -0.08012 -0.02892 * -0.00301  0.00194  0.00473 * -0.005846 -0.026443
mu    1    2 *  0.00005 -0.00000  0.00005 *  0.23295 -0.05187  0.04919 * -0.12140  0.05155  0.06323 * -0.005846 -0.000006
mu    1    3 *  0.00007 -0.00002 -0.00003 *  0.28828 -0.10594 -0.13010 * -0.11996  0.05180  0.06454 * -0.005846 -0.000011
mu    1    4 *  0.00000  0.00000  0.00000 *  0.23429 -0.05239  0.04768 *  0.00000  0.00000  0.00000 * -0.005846 -0.000000
mu    1    5 *  0.00000  0.00000  0.00000 *  0.28857 -0.10577 -0.12733 *  0.00000  0.00000  0.00000 * -0.005846 -0.000000
mu    2    6 * -0.19421  0.02543 -0.04610 * -0.28463  0.03862 -0.06198 *  0.00470 -0.00197 -0.00446 * -0.005846 -0.027639
mu    2    7 * -0.00004 -0.00001 -0.00007 * -0.22294  0.00567 -0.13886 *  0.12545 -0.02414 -0.02481 * -0.005846 -0.000005
mu    2    8 * -0.00008  0.00002  0.00001 * -0.31235  0.06915  0.03798 *  0.12338 -0.02347 -0.02641 * -0.005846 -0.000013
mu    2    9 *  0.00000  0.00000  0.00000 * -0.22496  0.00686 -0.13616 *  0.00000  0.00000  0.00000 * -0.005846 0.000000
mu    2   10 *  0.00000  0.00000  0.00000 * -0.31166  0.06801  0.03498 *  0.00000  0.00000  0.00000 * -0.005846 0.000000
MC: initial values:
OUTPUT: potential energy = -22.73839 +- -nan K
OUTPUT: electrostatic energy = 1.99355 +- -nan K
OUTPUT: repulsion/dispersion energy = -24.67348 +- -nan K
OUTPUT: polarization energy = -0.05846 +- -nan K
OUTPUT: N = 2.00000 +- -nan molecules
OUTPUT: density = 0.00059 +- -nan g/cm^3

mu MOLECULE ATOM * DIPOLES * STATIC * INDUCED * pot/atom -0.5*mu*E_s
mu    1    1 * -0.25754 -0.08073  0.23758 * -0.36800 -0.11864  0.33749 * -0.00321  0.00228  0.00495 * -0.012459 -0.047388
mu    1    2 * -0.00007 -0.00002  0.00000 * -0.36527 -0.10916  0.23466 *  0.20867  0.07473 -0.22662 * -0.012459 -0.000013
mu    1    3 * -0.00005 -0.00002  0.00009 * -0.32557 -0.13118  0.43729 *  0.21010  0.07477 -0.22508 * -0.012459 -0.000008
mu    1    4 *  0.00000  0.00000  0.00000 * -0.36526 -0.11018  0.23675 *  0.00000  0.00000  0.00000 * -0.012459 0.000000
mu    1    5 *  0.00000  0.00000  0.00000 * -0.32816 -0.12936  0.43575 *  0.00000  0.00000  0.00000 * -0.012459 0.000000
mu    2    6 * -0.20605  0.03292 -0.04976 * -0.28839  0.04048 -0.07483 * -0.00860  0.00696  0.00312 * -0.012459 -0.029712
mu    2    7 * -0.00013  0.00004 -0.00001 * -0.41877  0.05376 -0.08565 *  0.12104  0.03500  0.06333 * -0.012459 -0.000027
mu    2    8 * -0.00003  0.00003  0.00000 * -0.20319  0.03027 -0.06098 *  0.12701  0.03236  0.06135 * -0.012459 -0.000003
mu    2    9 *  0.00000  0.00000  0.00000 * -0.41337  0.05295 -0.08692 *  0.00000  0.00000  0.00000 * -0.012459 0.000000
mu    2   10 *  0.00000  0.00000  0.00000 * -0.20476  0.03034 -0.06129 *  0.00000  0.00000  0.00000 * -0.012459 0.000000
mu MOLECULE ATOM * DIPOLES * STATIC * INDUCED * pot/atom -0.5*mu*E_s
mu    1    1 * -0.26521 -0.06625  0.22546 * -0.37728 -0.09816  0.32044 * -0.00498  0.00268  0.00453 * -0.012289 -0.050030
mu    1    2 * -0.00007 -0.00002  0.00001 * -0.39048 -0.09753  0.22670 *  0.22809  0.06174 -0.20629 * -0.012289 -0.000014
mu    1    3 * -0.00004 -0.00002  0.00009 * -0.32046 -0.10173  0.39968 *  0.22938  0.06196 -0.20443 * -0.012289 -0.000006
mu    1    4 *  0.00000  0.00000  0.00000 * -0.39050 -0.09842  0.22887 *  0.00000  0.00000  0.00000 * -0.012289 0.000000
mu    1    5 *  0.00000  0.00000  0.00000 * -0.32278 -0.10016  0.39820 *  0.00000  0.00000  0.00000 * -0.012289 0.000000
mu    2    6 * -0.21105  0.05632  0.01267 * -0.29580  0.07442  0.01526 * -0.00840  0.00675  0.00300 * -0.012289 -0.031215
mu    2    7 * -0.00014  0.00005  0.00002 * -0.42542  0.09344  0.04158 *  0.11510  0.02514  0.00966 * -0.012289 -0.000029
mu    2    8 * -0.00004  0.00004  0.00001 * -0.20980  0.05835  0.00345 *  0.12076  0.02279  0.00805 * -0.012289 -0.000004
mu    2    9 *  0.00000  0.00000  0.00000 * -0.42049  0.09262  0.03900 *  0.00000  0.00000  0.00000 * -0.012289 0.000000
mu    2   10 *  0.00000  0.00000  0.00000 * -0.21144  0.05847  0.00366 *  0.00000  0.00000  0.00000 * -0.012289 0.000000
mu MOLECULE ATOM * DIPOLES * STATIC * INDUCED * pot/atom -0.5*mu*E_s
mu    1    1 * -0.27734 -0.08833  0.25237 * -0.40969 -0.12149  0.36476 *  0.00995 -0.00583 -0.00101 * -0.020076 -0.056813
mu    1    2 * -0.00006  0.00003  0.00001 * -0.33259 -0.05962  0.24708 *  0.18771  0.12144 -0.23364 * -0.020076 -0.000011
mu    1    3 * -0.00013 -0.00005  0.00013 * -0.48237 -0.23350  0.53476 *  0.19268  0.11925 -0.23586 * -0.020076 -0.000031
mu    1    4 *  0.00000  0.00000  0.00000 * -0.33345 -0.06049  0.24940 *  0.00000  0.00000  0.00000 * -0.020076 0.000000
mu    1    5 *  0.00000  0.00000  0.00000 * -0.48316 -0.23084  0.53006 *  0.00000  0.00000  0.00000 * -0.020076 0.000000
mu    2    6 *  0.16476  0.02834 -0.31390 *  0.24727  0.03289 -0.45594 * -0.00980  0.00796  0.00351 * -0.020076 -0.020371
mu    2    7 *  0.00008  0.00003 -0.00016 *  0.29356  0.12845 -0.63717 * -0.11148 -0.06971  0.27504 * -0.020076 -0.000012
mu    2    8 *  0.00004 -0.00004 -0.00002 *  0.19656 -0.01253 -0.32703 * -0.10501 -0.07346  0.27116 * -0.020076 -0.000004
mu    2    9 *  0.00000  0.00000  0.00000 *  0.29465  0.12357 -0.63074 *  0.00000  0.00000  0.00000 * -0.020076 -0.000000
mu    2   10 *  0.00000  0.00000  0.00000 *  0.19738 -0.01092 -0.32933 *  0.00000  0.00000  0.00000 * -0.020076 -0.000000
mu MOLECULE ATOM * DIPOLES * STATIC * INDUCED * pot/atom -0.5*mu*E_s
mu    1    1 * -0.36328 -0.00054 -0.12425 * -0.53695  0.00700 -0.17790 *  0.01334 -0.00778 -0.00120 * -0.023889 -0.097533
mu    1    2 * -0.00006  0.00004 -0.00003 * -0.34498  0.00860 -0.16412 *  0.20576  0.08165  0.10130 * -0.023889 -0.000011
mu    1    3 * -0.00028  0.00003 -0.00002 * -0.84321 -0.01095 -0.15496 *  0.21313  0.07846  0.09830 * -0.023889 -0.000117
mu    1    4 *  0.00000  0.00000  0.00000 * -0.34864  0.00899 -0.16378 *  0.00000  0.00000  0.00000 * -0.023889 0.000000
mu    1    5 *  0.00000  0.00000  0.00000 * -0.83413 -0.01136 -0.15918 *  0.00000  0.00000  0.00000 * -0.023889 0.000000
mu    2    6 *  0.20381  0.04310 -0.36573 *  0.29914  0.05694 -0.53762 * -0.00539  0.00519  0.01047 * -0.023889 -0.030483
mu    2    7 *  0.00019 -0.00001 -0.00024 *  0.55894  0.08858 -0.72201 * -0.12953 -0.10620  0.18303 * -0.023889 -0.000053
mu    2    8 *  0.00001 -0.00003 -0.00009 *  0.15362  0.04166 -0.38994 * -0.12221 -0.10799  0.17815 * -0.023889 -0.000001
mu    2    9 *  0.00000  0.00000  0.00000 *  0.54810  0.08598 -0.71768 *  0.00000  0.00000  0.00000 * -0.023889 -0.000000
mu    2   10 *  0.00000  0.00000  0.00000 *  0.15743  0.04125 -0.39295 *  0.00000  0.00000  0.00000 * -0.023889 -0.000000
mu MOLECULE ATOM * DIPOLES * STATIC * INDUCED * pot/atom -0.5*mu*E_s
mu    1    1 *  0.17438 -0.11952 -0.17456 *  0.24039 -0.16595 -0.25060 *  0.01095 -0.00631 -0.00101 * -0.015538 -0.020959
mu    1    2 *  0.00005 -0.00003 -0.00000 *  0.18623 -0.12354 -0.16741 * -0.06433  0.04662  0.16456 * -0.015538 -0.000005
mu    1    3 *  0.00011 -0.00008 -0.00010 *  0.30745 -0.22439 -0.38026 * -0.05808  0.04414  0.16131 * -0.015538 -0.000017
mu    1    4 *  0.00000  0.00000  0.00000 *  0.18660 -0.12438 -0.16900 *  0.00000  0.00000  0.00000 * -0.015538 -0.000000
mu    1    5 *  0.00000  0.00000  0.00000 *  0.30806 -0.22258 -0.37651 *  0.00000  0.00000  0.00000 * -0.015538 -0.000000
mu    2    6 *  0.17355  0.05986 -0.33245 *  0.24034  0.08842 -0.47542 *  0.00980 -0.00214 -0.00375 * -0.015538 -0.020855
mu    2    7 *  0.00007  0.00003 -0.00009 *  0.33013  0.14981 -0.45167 * -0.16960 -0.09161  0.25787 * -0.015538 -0.000012
mu    2    8 * -0.00001 -0.00002 -0.00009 *  0.13763  0.04306 -0.45270 * -0.17082 -0.09376  0.25658 * -0.015538 0.000001
mu    2    9 *  0.00000  0.00000  0.00000 *  0.32641  0.14857 -0.45352 *  0.00000  0.00000  0.00000 * -0.015538 -0.000000
mu    2   10 *  0.00000  0.00000  0.00000 *  0.14133  0.04363 -0.45588 *  0.00000  0.00000  0.00000 * -0.015538 -0.000000
mu MOLECULE ATOM * DIPOLES * STATIC * INDUCED * pot/atom -0.5*mu*E_s
mu    1    1 *  0.14214 -0.12692  0.14752 *  0.19532 -0.17739  0.21340 *  0.00955 -0.00554 -0.00078 * -0.012934 -0.013881
mu    1    2 *  0.00003 -0.00003  0.00003 *  0.10293 -0.12122  0.19319 * -0.03661  0.05411 -0.12606 * -0.012934 -0.000002
mu    1    3 *  0.00014 -0.00009  0.00003 *  0.34641 -0.25073  0.20133 * -0.03145  0.05224 -0.12886 * -0.012934 -0.000024
mu    1    4 *  0.00000  0.00000  0.00000 *  0.10487 -0.12219  0.19320 *  0.00000  0.00000  0.00000 * -0.012934 -0.000000
mu    1    5 *  0.00000  0.00000  0.00000 *  0.34181 -0.24936  0.20399 *  0.00000  0.00000  0.00000 * -0.012934 -0.000000
mu    2    6 *  0.14413  0.07601 -0.31210 *  0.20662  0.10825 -0.44451 *  0.00112  0.00131 -0.00533 * -0.012934 -0.014890
mu    2    7 *  0.00004 -0.00000 -0.00005 *  0.25880  0.03957 -0.36001 * -0.15845 -0.04306  0.25625 * -0.012934 -0.000006
mu    2    8 * -0.00003  0.00007 -0.00011 *  0.09573  0.19409 -0.49672 * -0.16124 -0.04134  0.25438 * -0.012934 0.000001
mu    2    9 *  0.00000  0.00000  0.00000 *  0.25867  0.04208 -0.36331 *  0.00000  0.00000  0.00000 * -0.012934 -0.000000
mu    2   10 *  0.00000  0.00000  0.00000 *  0.10036  0.19139 -0.49819 *  0.00000  0.00000  0.00000 * -0.012934 -0.000000
mu MOLECULE ATOM * DIPOLES * STATIC * INDUCED * pot/atom -0.5*mu*E_s
mu    1    1 *  0.12281 -0.12222  0.16788 *  0.17557 -0.17505  0.23732 *  0.00144 -0.00112  0.00464 * -0.008246 -0.010781
mu    1    2 *  0.00002 -0.00003  0.00006 *  0.07153 -0.12613  0.24130 * -0.01920  0.06779 -0.09373 * -0.008246 -0.000001
mu    1    3 *  0.00013 -0.00007  0.00004 *  0.31044 -0.22573  0.17977 * -0.01656  0.06639 -0.09345 * -0.008246 -0.000020
mu    1    4 *  0.00000  0.00000  0.00000 *  0.07344 -0.12694  0.24157 *  0.00000  0.00000  0.00000 * -0.008246 -0.000000
mu    1    5 *  0.00000  0.00000  0.00000 *  0.30727 -0.22465  0.18183 *  0.00000  0.00000  0.00000 * -0.008246 -0.000000
mu    2    6 * -0.10737  0.06774 -0.20372 * -0.15528  0.09612 -0.28849 *  0.00052  0.00151 -0.00514 * -0.008246 -0.008336
mu    2    7 * -0.00001  0.00002 -0.00007 * -0.05432  0.04848 -0.28224 *  0.02555 -0.00120  0.13073 * -0.008246 -0.000000
mu    2    8 * -0.00012  0.00006 -0.00005 * -0.28707  0.14554 -0.24116 *  0.02291 -0.00015  0.12874 * -0.008246 -0.000017
mu    2    9 *  0.00000  0.00000  0.00000 * -0.05677  0.05008 -0.28369 *  0.00000  0.00000  0.00000 * -0.008246 0.000000
mu    2   10 *  0.00000  0.00000  0.00000 * -0.28387  0.14461 -0.24444 *  0.00000  0.00000  0.00000 * -0.008246 0.000000
mu MOLECULE ATOM * DIPOLES * STATIC * INDUCED * pot/atom -0.5*mu*E_s
mu    1    1 *  0.12794 -0.11648  0.15104 *  0.17100 -0.16706  0.22511 *  0.01340 -0.00083 -0.00741 * -0.016846 -0.010939
mu    1    2 *  0.00002 -0.00001 -0.00000 *  0.12895 -0.11911  0.14639 * -0.09153  0.10667 -0.14924 * -0.016846 -0.000001
mu    1    3 *  0.00006 -0.00006  0.00009 *  0.22930 -0.23638  0.35838 * -0.08477  0.10428 -0.15301 * -0.016846 -0.000007
mu    1    4 *  0.00000  0.00000  0.00000 *  0.13003 -0.11996  0.14738 *  0.00000  0.00000  0.00000 * -0.016846 -0.000000
mu    1    5 *  0.00000  0.00000  0.00000 *  0.22677 -0.23456  0.35559 *  0.00000  0.00000  0.00000 * -0.016846 -0.000000
mu    2    6 *  0.27351 -0.28194 -0.16569 *  0.39350 -0.40765 -0.23392 *  0.00072  0.00128 -0.00489 * -0.016846 -0.053814
mu    2    7 *  0.00007 -0.00007  0.00004 *  0.30429 -0.34544 -0.10803 * -0.14933  0.17696  0.20861 * -0.016846 -0.000010
mu    2    8 *  0.00014 -0.00012 -0.00009 *  0.46647 -0.44849 -0.41437 * -0.15244  0.18032  0.20795 * -0.016846 -0.000032
mu    2    9 *  0.00000  0.00000  0.00000 *  0.30858 -0.34793 -0.11141 *  0.00000  0.00000  0.00000 * -0.016846 -0.000000
mu    2   10 *  0.00000  0.00000  0.00000 *  0.46513 -0.45017 -0.40923 *  0.00000  0.00000  0.00000 * -0.016846 -0.000000
mu MOLECULE ATOM * DIPOLES * STATIC * INDUCED * pot/atom -0.5*mu*E_s
mu    1    1 *  0.14069 -0.12398  0.15179 *  0.19712 -0.18100  0.22583 *  0.00566  0.00230 -0.00705 * -0.011634 -0.013867
mu    1    2 *  0.00002 -0.00001  0.00000 *  0.18097 -0.13565  0.12120 * -0.14433  0.10320 -0.11446 * -0.011634 -0.000001
mu    1    3 *  0.00002 -0.00005  0.00012 *  0.18108 -0.22218  0.39776 * -0.14009  0.10229 -0.11723 * -0.011634 -0.000002
mu    1    4 *  0.00000  0.00000  0.00000 *  0.18193 -0.13670  0.12265 *  0.00000  0.00000  0.00000 * -0.011634 -0.000000
mu    1    5 *  0.00000  0.00000  0.00000 *  0.18072 -0.22115  0.39315 *  0.00000  0.00000  0.00000 * -0.011634 -0.000000
mu    2    6 *  0.17498 -0.25849  0.06960 *  0.25125 -0.37394  0.10588 *  0.00095  0.00136 -0.00557 * -0.011634 -0.021981
mu    2    7 *  0.00004 -0.00005  0.00007 *  0.13248 -0.27298  0.14761 * -0.05076  0.14814  0.00231 * -0.011634 -0.000002
mu    2    8 *  0.00015 -0.00014 -0.00000 *  0.40221 -0.47906 -0.00313 * -0.05332  0.15116  0.00214 * -0.011634 -0.000031
mu    2    9 *  0.00000  0.00000  0.00000 *  0.13644 -0.27642  0.14739 *  0.00000  0.00000  0.00000 * -0.011634 -0.000000
mu    2   10 *  0.00000  0.00000  0.00000 *  0.39760 -0.47817  0.00169 *  0.00000  0.00000  0.00000 * -0.011634 -0.000000
mu MOLECULE ATOM * DIPOLES * STATIC * INDUCED * pot/atom -0.5*mu*E_s
mu    1    1 *  0.14153 -0.13079  0.16236 *  0.20171 -0.18728  0.24243 *  0.00227 -0.00124 -0.00841 * -0.011793 -0.014274
mu    1    2 *  0.00002 -0.00001  0.00001 *  0.19148 -0.14401  0.12698 * -0.14030  0.12461 -0.10580 * -0.011793 -0.000002
mu    1    3 *  0.00001 -0.00005  0.00014 *  0.16175 -0.23485  0.42184 * -0.13663  0.12319 -0.10893 * -0.011793 -0.000001
mu    1    4 *  0.00000  0.00000  0.00000 *  0.19259 -0.14522  0.12891 *  0.00000  0.00000  0.00000 * -0.011793 -0.000000
mu    1    5 *  0.00000  0.00000  0.00000 *  0.16239 -0.23298  0.41562 *  0.00000  0.00000  0.00000 * -0.011793 -0.000000
mu    2    6 *  0.25595 -0.07366  0.16678 *  0.36808 -0.10757  0.24638 *  0.00082  0.00141 -0.00598 * -0.011793 -0.047105
mu    2    7 *  0.00004 -0.00004  0.00007 *  0.20906 -0.06793  0.24875 * -0.12488 -0.01750 -0.08637 * -0.011793 -0.000004
mu    2    8 *  0.00020 -0.00007  0.00004 *  0.57730 -0.14292  0.18003 * -0.12689 -0.01495 -0.08609 * -0.011793 -0.000057
mu    2    9 *  0.00000  0.00000  0.00000 *  0.21346 -0.06884  0.25003 *  0.00000  0.00000  0.00000 * -0.011793 -0.000000
mu    2   10 *  0.00000  0.00000  0.00000 *  0.57251 -0.14354  0.18363 *  0.00000  0.00000  0.00000 * -0.011793 -0.000000
OUTPUT: BF = 1.0011 +- inf
OUTPUT: AR = 1.00000 (0.00000 I/ 0.00000 R/ 1.00000 D)
OUTPUT: potential energy = -21.43463 +- 1.30377 K
OUTPUT: electrostatic energy = 4.84844 +- 2.85489 K
OUTPUT: repulsion/dispersion energy = -26.19487 +- 1.52139 K
OUTPUT: polarization energy = -0.08820 +- 0.02974 K (iterations = 10.0 +- inf)
OUTPUT: N = 2.00000 +- 0.00000 molecules
OUTPUT: density = 0.00059 +- 0.00000 g/cm^3
OUTPUT: heat capacity = 2.3837e-06 +- 3.3711e-06 kJ/mol K

mu MOLECULE ATOM * DIPOLES * STATIC * INDUCED * pot/atom -0.5*mu*E_s
mu    1    1 * -0.16929 -0.06849  0.30191 * -0.24519 -0.09795  0.44207 *  0.00118 -0.00077 -0.00692 * -0.014897 -0.020755
mu    1    2 * -0.00000 -0.00000  0.00009 * -0.11591 -0.09028  0.32720 *  0.10832  0.08552 -0.12054 * -0.014897 -0.000000
mu    1    3 * -0.00016 -0.00001  0.00020 * -0.46562 -0.09621  0.56779 *  0.11148  0.08429 -0.12342 * -0.014897 -0.000036
mu    1    4 *  0.00000  0.00000  0.00000 * -0.11785 -0.09058  0.33026 *  0.00000  0.00000  0.00000 * -0.014897 0.000000
mu    1    5 *  0.00000  0.00000  0.00000 * -0.45819 -0.09687  0.56222 *  0.00000  0.00000  0.00000 * -0.014897 0.000000
mu    2    6 *  0.20213 -0.05950  0.18571 *  0.30087 -0.09222  0.26716 * -0.00954  0.00646  0.00051 * -0.014897 -0.030407
mu    2    7 *  0.00003 -0.00003  0.00003 *  0.17021 -0.05848  0.21738 * -0.10251 -0.00807 -0.15585 * -0.014897 -0.000003
mu    2    8 *  0.00018 -0.00006  0.00007 *  0.52268 -0.13537  0.30609 * -0.10866 -0.00523 -0.15469 * -0.014897 -0.000048
mu    2    9 *  0.00000  0.00000  0.00000 *  0.17412 -0.05977  0.21841 *  0.00000  0.00000  0.00000 * -0.014897 -0.000000
mu    2   10 *  0.00000  0.00000  0.00000 *  0.51387 -0.13274  0.30530 *  0.00000  0.00000  0.00000 * -0.014897 -0.000000
mu MOLECULE ATOM * DIPOLES * STATIC * INDUCED * pot/atom -0.5*mu*E_s
mu    1    1 * -0.15063 -0.07963  0.32146 * -0.21373 -0.11024  0.46317 * -0.00337 -0.00453  0.00017 * -0.014145 -0.016097
mu    1    2 * -0.00002  0.00003  0.00005 * -0.16937 -0.02609  0.38934 *  0.12922  0.09275 -0.28088 * -0.014145 -0.000001
mu    1    3 * -0.00005 -0.00006  0.00010 * -0.23838 -0.23730  0.51930 *  0.13036  0.08983 -0.28217 * -0.014145 -0.000006
mu    1    4 *  0.00000  0.00000  0.00000 * -0.17069 -0.02731  0.39223 *  0.00000  0.00000  0.00000 * -0.014145 0.000000
mu    1    5 *  0.00000  0.00000  0.00000 * -0.23699 -0.23322  0.51548 *  0.00000  0.00000  0.00000 * -0.014145 0.000000
mu    2    6 *  0.07109  0.24236  0.03600 *  0.11218  0.34263  0.05144 * -0.00971  0.00668  0.00045 * -0.014145 -0.003988
mu    2    7 * -0.00000  0.00003 -0.00000 *  0.10490  0.24309  0.03551 * -0.10659 -0.18570 -0.03777 * -0.014145 0.000000
mu    2    8 * -0.00001  0.00013  0.00002 *  0.09975  0.48507  0.08507 * -0.11244 -0.18286 -0.03461 * -0.014145 0.000000
mu    2    9 *  0.00000  0.00000  0.00000 *  0.10549  0.24554  0.03556 *  0.00000  0.00000  0.00000 * -0.014145 -0.000000
mu    2   10 *  0.00000  0.00000  0.00000 *  0.09824  0.47969  0.08484 *  0.00000  0.00000  0.00000 * -0.014145 -0.000000
mu MOLECULE ATOM * DIPOLES * STATIC * INDUCED * pot/atom -0.5*mu*E_s
mu    1    1 *  0.01073 -0.04817 -0.24152 *  0.01848 -0.06490 -0.34827 * -0.00301 -0.00453  0.00016 * -0.008822 -0.000099
mu    1    2 * -0.00001 -0.00003 -0.00003 * -0.00902 -0.04831 -0.27634 * -0.00527 -0.02047  0.19711 * -0.008822 -0.000000
mu    1    3 *  0.00003 -0.00004 -0.00010 *  0.07061 -0.07887 -0.42871 * -0.00428 -0.02302  0.19573 * -0.008822 -0.000001
mu    1    4 *  0.00000  0.00000  0.00000 * -0.00891 -0.04872 -0.27856 *  0.00000  0.00000  0.00000 * -0.008822 0.000000
mu    1    5 *  0.00000  0.00000  0.00000 *  0.06914 -0.07824 -0.42473 *  0.00000  0.00000  0.00000 * -0.008822 -0.000000
mu    2    6 *  0.07883  0.23330  0.03368 *  0.10662  0.33812  0.04775 *  0.00699 -0.00185  0.00080 * -0.008822 -0.004202
mu    2    7 *  0.00002  0.00003  0.00001 *  0.10892  0.28188  0.01042 * -0.05798 -0.20479  0.01133 * -0.008822 -0.000001
mu    2    8 *  0.00001  0.00008  0.00005 *  0.07970  0.39174  0.09359 * -0.05756 -0.20503  0.01308 * -0.008822 -0.000000
mu    2    9 *  0.00000  0.00000  0.00000 *  0.10865  0.28450  0.01190 *  0.00000  0.00000  0.00000 * -0.008822 -0.000000
mu    2   10 *  0.00000  0.00000  0.00000 *  0.07969  0.38868  0.09221 *  0.00000  0.00000  0.00000 * -0.008822 -0.000000
mu MOLECULE ATOM * DIPOLES * STATIC * INDUCED * pot/atom -0.5*mu*E_s
mu    1    1 * -0.00892 -0.04180 -0.25615 * -0.00266 -0.06375 -0.37467 * -0.01020  0.00350  0.00546 * -0.010817 -0.000012
mu    1    2 * -0.00009 -0.00000 -0.00008 * -0.13900 -0.01954 -0.33560 * -0.06085  0.00995  0.14711 * -0.010817 -0.000006
mu    1    3 *  0.00003 -0.00004 -0.00009 *  0.14001 -0.08972 -0.35523 * -0.06306  0.00916  0.14418 * -0.010817 -0.000002
mu    1    4 *  0.00000  0.00000  0.00000 * -0.13699 -0.02067 -0.33806 *  0.00000  0.00000  0.00000 * -0.010817 0.000000
mu    1    5 *  0.00000  0.00000  0.00000 *  0.13613 -0.08899 -0.35467 *  0.00000  0.00000  0.00000 * -0.010817 -0.000000
mu    2    6 * -0.20258  0.09423  0.17493 * -0.29945  0.13762  0.25088 *  0.00746 -0.00181  0.00125 * -0.010817 -0.030331
mu    2    7 *  0.00001  0.00002  0.00008 * -0.17334  0.12098  0.26095 *  0.20159 -0.07326 -0.08010 * -0.010817 0.000001
mu    2    8 * -0.00010  0.00003  0.00005 * -0.43188  0.13605  0.18231 *  0.20206 -0.07372 -0.07745 * -0.010817 -0.000022
mu    2    9 *  0.00000  0.00000  0.00000 * -0.17758  0.12176  0.26205 *  0.00000  0.00000  0.00000 * -0.010817 0.000000
mu    2   10 *  0.00000  0.00000  0.00000 * -0.42686  0.13549  0.18383 *  0.00000  0.00000  0.00000 * -0.010817 0.000000
mu MOLECULE ATOM * DIPOLES * STATIC * INDUCED * pot/atom -0.5*mu*E_s
mu    1    1 * -0.00774 -0.04309 -0.25993 * -0.01999 -0.06054 -0.37693 *  0.00883 -0.00156  0.00228 * -0.012741 -0.000077
mu    1    2 * -0.00008  0.00000 -0.00011 * -0.18189 -0.03586 -0.48282 * -0.00827  0.04137  0.22973 * -0.012741 -0.000008
mu    1    3 *  0.00002 -0.00001 -0.00002 *  0.05745 -0.06212 -0.27527 * -0.01296  0.04296  0.23159 * -0.012741 -0.000001
mu    1    4 *  0.00000  0.00000  0.00000 * -0.17623 -0.03733 -0.48237 *  0.00000  0.00000  0.00000 * -0.012741 0.000000
mu    1    5 *  0.00000  0.00000  0.00000 *  0.05521 -0.06180 -0.27688 *  0.00000  0.00000  0.00000 * -0.012741 -0.000000
mu    2    6 * -0.04538 -0.06799 -0.31563 * -0.07298 -0.09603 -0.45617 *  0.00758 -0.00197  0.00125 * -0.012741 -0.001656
mu    2    7 * -0.00006 -0.00000 -0.00008 * -0.15823 -0.03756 -0.30904 *  0.02265  0.03071  0.12163 * -0.012741 -0.000005
mu    2    8 *  0.00005 -0.00006 -0.00021 *  0.09673 -0.17760 -0.59907 *  0.02289  0.03299  0.12483 * -0.012741 -0.000003
mu    2    9 *  0.00000  0.00000  0.00000 * -0.15700 -0.03887 -0.31430 *  0.00000  0.00000  0.00000 * -0.012741 0.000000
mu    2   10 *  0.00000  0.00000  0.00000 *  0.09126 -0.17412 -0.59320 *  0.00000  0.00000  0.00000 * -0.012741 -0.000000
mu MOLECULE ATOM * DIPOLES * STATIC * INDUCED * pot/atom -0.5*mu*E_s
mu    1    1 * -0.04799 -0.04028 -0.27323 * -0.07124 -0.04996 -0.39402 *  0.00207 -0.00809  0.00019 * -0.013008 -0.001710
mu    1    2 * -0.00003 -0.00003 -0.00012 * -0.12129 -0.06249 -0.51288 *  0.05765  0.00360  0.24241 * -0.013008 -0.000002
mu    1    3 *  0.00001 -0.00002 -0.00002 * -0.03706 -0.04287 -0.29967 *  0.05430  0.00660  0.24445 * -0.013008 0.000000
mu    1    4 *  0.00000  0.00000  0.00000 * -0.11979 -0.06241 -0.51161 *  0.00000  0.00000  0.00000 * -0.013008 0.000000
mu    1    5 *  0.00000  0.00000  0.00000 * -0.03792 -0.04273 -0.30066 *  0.00000  0.00000  0.00000 * -0.013008 0.000000
mu    2    6 *  0.11946  0.25763 -0.14628 *  0.16450  0.37314 -0.21278 *  0.00769 -0.00181  0.00194 * -0.013008 -0.009825
mu    2    7 * -0.00001  0.00003 -0.00004 *  0.09188  0.30216 -0.18417 * -0.10669 -0.24116  0.09196 * -0.013008 0.000000
mu    2    8 *  0.00006  0.00009 -0.00005 *  0.25298  0.44956 -0.21688 * -0.10661 -0.24031  0.09427 * -0.013008 -0.000008
mu    2    9 *  0.00000  0.00000  0.00000 *  0.09332  0.30543 -0.18507 *  0.00000  0.00000  0.00000 * -0.013008 -0.000000
mu    2   10 *  0.00000  0.00000  0.00000 *  0.24875  0.44575 -0.21563 *  0.00000  0.00000  0.00000 * -0.013008 -0.000000
mu MOLECULE ATOM * DIPOLES * STATIC * INDUCED * pot/atom -0.5*mu*E_s
mu    1    1 * -0.19866 -0.14343 -0.12796 * -0.28841 -0.19942 -0.18445 *  0.00208 -0.00732  0.00002 * -0.012080 -0.028647
mu    1    2 * -0.00005 -0.00010 -0.00007 * -0.30635 -0.30617 -0.26305 *  0.19673  0.09008  0.11031 * -0.012080 -0.000007
mu    1    3 * -0.00002 -0.00001 -0.00001 * -0.24819 -0.12243 -0.13300 *  0.19363  0.09304  0.11213 * -0.012080 -0.000003
mu    1    4 *  0.00000  0.00000  0.00000 * -0.30755 -0.30415 -0.26172 *  0.00000  0.00000  0.00000 * -0.012080 0.000000
mu    1    5 *  0.00000  0.00000  0.00000 * -0.24825 -0.12387 -0.13353 *  0.00000  0.00000  0.00000 * -0.012080 0.000000
mu    2    6 *  0.12142  0.23749 -0.14434 *  0.17246  0.33837 -0.21232 *  0.00255  0.00394  0.00428 * -0.012080 -0.010471
mu    2    7 *  0.00003  0.00012 -0.00002 *  0.18044  0.46648 -0.18991 * -0.10758 -0.19564  0.15204 * -0.012080 -0.000003
mu    2    8 *  0.00002  0.00002 -0.00003 *  0.14220  0.24002 -0.20757 * -0.10575 -0.19804  0.14922 * -0.012080 -0.000001
mu    2    9 *  0.00000  0.00000  0.00000 *  0.18136  0.46021 -0.19091 *  0.00000  0.00000  0.00000 * -0.012080 -0.000000
mu    2   10 *  0.00000  0.00000  0.00000 *  0.14196  0.24261 -0.20692 *  0.00000  0.00000  0.00000 * -0.012080 -0.000000
mu MOLECULE ATOM * DIPOLES * STATIC * INDUCED * pot/atom -0.5*mu*E_s
mu    1    1 * -0.23259 -0.11934 -0.10177 * -0.34812 -0.17170 -0.14200 *  0.01288 -0.00031 -0.00468 * -0.017024 -0.040484
mu    1    2 * -0.00004 -0.00002 -0.00001 * -0.20080 -0.14287 -0.12882 *  0.11622  0.09848  0.11530 * -0.017024 -0.000004
mu    1    3 * -0.00021 -0.00004 -0.00001 * -0.59711 -0.17994 -0.12607 *  0.12250  0.09619  0.11139 * -0.017024 -0.000062
mu    1    4 *  0.00000  0.00000  0.00000 * -0.20367 -0.14324 -0.12864 *  0.00000  0.00000  0.00000 * -0.017024 0.000000
mu    1    5 *  0.00000  0.00000  0.00000 * -0.58961 -0.18168 -0.12929 *  0.00000  0.00000  0.00000 * -0.017024 0.000000
mu    2    6 *  0.05379 -0.28421 -0.26478 *  0.07586 -0.41410 -0.38667 *  0.00167  0.00446  0.00503 * -0.017024 -0.002040
mu    2    7 *  0.00010 -0.00018 -0.00020 *  0.28300 -0.55238 -0.53975 * -0.05192  0.13741  0.09296 * -0.017024 -0.000014
mu    2    8 * -0.00004 -0.00007 -0.00008 * -0.02960 -0.29641 -0.26271 * -0.05205  0.13631  0.08980 * -0.017024 -0.000001
mu    2    9 *  0.00000  0.00000  0.00000 *  0.27376 -0.54673 -0.53197 *  0.00000  0.00000  0.00000 * -0.017024 -0.000000
mu    2   10 *  0.00000  0.00000  0.00000 * -0.02713 -0.29867 -0.26610 *  0.00000  0.00000  0.00000 * -0.017024 0.000000
mu MOLECULE ATOM * DIPOLES * STATIC * INDUCED * pot/atom -0.5*mu*E_s
mu    1    1 * -0.25022 -0.11234 -0.09889 * -0.36842 -0.16304 -0.14393 *  0.00776  0.00112  0.00140 * -0.012916 -0.046094
mu    1    2 * -0.00005 -0.00002 -0.00003 * -0.20760 -0.14875 -0.15147 *  0.09763  0.09436  0.08236 * -0.012916 -0.000005
mu    1    3 * -0.00022 -0.00002  0.00000 * -0.60852 -0.14456 -0.07718 *  0.10216  0.09348  0.08103 * -0.012916 -0.000068
mu    1    4 *  0.00000  0.00000  0.00000 * -0.21067 -0.14868 -0.15101 *  0.00000  0.00000  0.00000 * -0.012916 0.000000
mu    1    5 *  0.00000  0.00000  0.00000 * -0.60297 -0.14739 -0.08132 *  0.00000  0.00000  0.00000 * -0.012916 0.000000
mu    2    6 * -0.11342 -0.16113 -0.22824 * -0.16497 -0.23704 -0.33453 *  0.00149  0.00479  0.00555 * -0.012916 -0.009355
mu    2    7 *  0.00002 -0.00013 -0.00019 * -0.06191 -0.36295 -0.53091 *  0.09940  0.06026  0.10142 * -0.012916 0.000001
mu    2    8 * -0.00004 -0.00004 -0.00004 * -0.18875 -0.14390 -0.19734 *  0.10011  0.05806  0.09742 * -0.012916 -0.000004
mu    2    9 *  0.00000  0.00000  0.00000 * -0.06615 -0.35800 -0.52184 *  0.00000  0.00000  0.00000 * -0.012916 0.000000
mu    2   10 *  0.00000  0.00000  0.00000 * -0.18831 -0.14575 -0.20057 *  0.00000  0.00000  0.00000 * -0.012916 0.000000
mu MOLECULE ATOM * DIPOLES * STATIC * INDUCED * pot/atom -0.5*mu*E_s
mu    1    1 *  0.21239 -0.05400 -0.09357 *  0.29952 -0.07861 -0.13584 *  0.00660  0.00079  0.00097 * -0.009488 -0.031808
mu    1    2 *  0.00007  0.00001  0.00001 *  0.24198 -0.02419 -0.05946 * -0.08380  0.05635  0.09270 * -0.009488 -0.000008
mu    1    3 *  0.00011 -0.00005 -0.00007 *  0.33678 -0.16596 -0.25263 * -0.07996  0.05523  0.09093 * -0.009488 -0.000019
mu    1    4 *  0.00000  0.00000  0.00000 *  0.24270 -0.02542 -0.06103 *  0.00000  0.00000  0.00000 * -0.009488 -0.000000
mu    1    5 *  0.00000  0.00000  0.00000 *  0.33842 -0.16330 -0.24972 *  0.00000  0.00000  0.00000 * -0.009488 -0.000000
mu    2    6 * -0.09343 -0.14756 -0.21450 * -0.14057 -0.20875 -0.30339 *  0.00591 -0.00393 -0.00578 * -0.009488 -0.006567
mu    2    7 * -0.00001 -0.00007 -0.00010 * -0.01299 -0.22779 -0.34967 * -0.00046  0.07036  0.13159 * -0.009488 -0.000000
mu    2    8 * -0.00011 -0.00004 -0.00004 * -0.24786 -0.15679 -0.21670 * -0.00290  0.07020  0.13108 * -0.009488 -0.000014
mu    2    9 *  0.00000  0.00000  0.00000 * -0.01748 -0.22719 -0.34745 *  0.00000  0.00000  0.00000 * -0.009488 0.000000
mu    2   10 *  0.00000  0.00000  0.00000 * -0.24524 -0.15807 -0.21939 *  0.00000  0.00000  0.00000 * -0.009488 0.000000
OUTPUT: Canonical Monte Carlo simulation running on 1 cores
OUTPUT: Root collecting statistics at Fri Mar 20 00:20:26 2015
OUTPUT: Completed step 20/50  (40.000 %)
OUTPUT: 0.001 sec/step, ETA = 0.000 hrs
OUTPUT: BF = 1.0095 +- 0.10377
OUTPUT: AR = 1.00000 (0.00000 I/ 0.00000 R/ 1.00000 D)
OUTPUT: potential energy = -24.08876 +- 2.75881 K
OUTPUT: electrostatic energy = 2.48961 +- 2.87766 K
OUTPUT: repulsion/dispersion energy = -26.48795 +- 0.92598 K
OUTPUT: polarization energy = -0.09042 +- 0.01731 K (iterations = 10.0 +- 0.0)
OUTPUT: N = 2.00000 +- 0.00000 molecules
OUTPUT: density = 0.00059 +- 0.00000 g/cm^3
OUTPUT: heat capacity = 2.1347e-05 +- 1.3953e-05 kJ/mol K

mu MOLECULE ATOM * DIPOLES * STATIC * INDUCED * pot/atom -0.5*mu*E_s
mu    1    1 *  0.20371 -0.05657 -0.09272 *  0.28722 -0.08224 -0.13446 *  0.00639  0.00070  0.00083 * -0.008978 -0.029254
mu    1    2 *  0.00007  0.00001  0.00001 *  0.23321 -0.02784 -0.06220 * -0.08056  0.05831  0.09147 * -0.008978 -0.000008
mu    1    3 *  0.00011 -0.00005 -0.00007 *  0.32179 -0.16904 -0.24410 * -0.07688  0.05719  0.08979 * -0.008978 -0.000017
mu    1    4 *  0.00000  0.00000  0.00000 *  0.23387 -0.02906 -0.06368 *  0.00000  0.00000  0.00000 * -0.008978 -0.000000
mu    1    5 *  0.00000  0.00000  0.00000 *  0.32340 -0.16643 -0.24141 *  0.00000  0.00000  0.00000 * -0.008978 -0.000000
mu    2    6 * -0.08425 -0.14911 -0.20853 * -0.12721 -0.21115 -0.29525 *  0.00578 -0.00378 -0.00531 * -0.008978 -0.005359
mu    2    7 * -0.00000 -0.00007 -0.00009 * -0.00382 -0.22903 -0.33947 * -0.00433  0.07021  0.12922 * -0.008978 -0.000000
mu    2    8 * -0.00010 -0.00004 -0.00004 * -0.23116 -0.16086 -0.21367 * -0.00663  0.07004  0.12876 * -0.008978 -0.000012
mu    2    9 *  0.00000  0.00000  0.00000 * -0.00818 -0.22846 -0.33731 *  0.00000  0.00000  0.00000 * -0.008978 0.000000
mu    2   10 *  0.00000  0.00000  0.00000 * -0.22864 -0.16208 -0.21619 *  0.00000  0.00000  0.00000 * -0.008978 0.000000
mu MOLECULE ATOM * DIPOLES * STATIC * INDUCED * pot/atom -0.5*mu*E_s
mu    1    1 * -0.11070  0.05414 -0.23446 * -0.16733  0.07715 -0.33907 *  0.00778  0.00088  0.00113 * -0.011645 -0.009261
mu    1    2 * -0.00001 -0.00001 -0.00003 * -0.07300  0.02866 -0.27237 *  0.04343 -0.05158  0.20920 * -0.011645 -0.000000
mu    1    3 * -0.00012  0.00005 -0.00008 * -0.31444  0.17326 -0.39653 *  0.04793 -0.05253  0.20759 * -0.011645 -0.000018
mu    1    4 *  0.00000  0.00000  0.00000 * -0.07481  0.02954 -0.27317 *  0.00000  0.00000  0.00000 * -0.011645 0.000000
mu    1    5 *  0.00000  0.00000  0.00000 * -0.31115  0.17020 -0.39727 *  0.00000  0.00000  0.00000 * -0.011645 0.000000
mu    2    6 * -0.09641 -0.16443 -0.23117 * -0.14274 -0.23525 -0.33755 *  0.00378 -0.00175  0.00436 * -0.011645 -0.006881
mu    2    7 * -0.00003  0.00000 -0.00006 * -0.16808 -0.13956 -0.22893 *  0.09213  0.14155  0.09009 * -0.011645 -0.000003
mu    2    8 *  0.00001 -0.00010 -0.00016 * -0.06464 -0.37856 -0.45541 *  0.09067  0.14313  0.09393 * -0.011645 0.000000
mu    2    9 *  0.00000  0.00000  0.00000 * -0.16847 -0.14230 -0.23290 *  0.00000  0.00000  0.00000 * -0.011645 0.000000
mu    2   10 *  0.00000  0.00000  0.00000 * -0.06578 -0.37307 -0.45187 *  0.00000  0.00000  0.00000 * -0.011645 0.000000
mu MOLECULE ATOM * DIPOLES * STATIC * INDUCED * pot/atom -0.5*mu*E_s
mu    1    1 * -0.11374  0.06131 -0.23260 * -0.16484  0.08290 -0.33397 *  0.00090  0.00547 -0.00128 * -0.009831 -0.009375
mu    1    2 * -0.00001  0.00002 -0.00003 * -0.16157  0.06410 -0.24995 *  0.13191 -0.02539  0.18360 * -0.009831 -0.000001
mu    1    3 * -0.00000  0.00003 -0.00011 * -0.14346  0.08957 -0.43863 *  0.13447 -0.02439  0.18118 * -0.009831 -0.000000
mu    1    4 *  0.00000  0.00000  0.00000 * -0.16243  0.06491 -0.25104 *  0.00000  0.00000  0.00000 * -0.009831 0.000000
mu    1    5 *  0.00000  0.00000  0.00000 * -0.14314  0.08871 -0.43717 *  0.00000  0.00000  0.00000 * -0.009831 0.000000
mu    2    6 * -0.07723 -0.22784  0.09165 * -0.11487 -0.32660  0.12775 *  0.00355 -0.00179  0.00435 * -0.009831 -0.004435
mu    2    7 * -0.00000 -0.00003  0.00002 * -0.07993 -0.27208  0.07313 *  0.07283  0.20507 -0.03701 * -0.009831 -0.000000
mu    2    8 * -0.00005 -0.00007  0.00007 * -0.17445 -0.36899  0.20300 *  0.07216  0.20519 -0.03281 * -0.009831 -0.000004
mu    2    9 *  0.00000  0.00000  0.00000 * -0.08076 -0.27508  0.07447 *  0.00000  0.00000  0.00000 * -0.009831 0.000000
mu    2   10 *  0.00000  0.00000  0.00000 * -0.17085 -0.36798  0.19974 *  0.00000  0.00000  0.00000 * -0.009831 0.000000
mu MOLECULE ATOM * DIPOLES * STATIC * INDUCED * pot/atom -0.5*mu*E_s
mu    1    1 * -0.08221  0.04555 -0.24060 * -0.11800  0.05985 -0.34665 * -0.00049  0.00580 -0.00014 * -0.009161 -0.004850
mu    1    2 * -0.00001  0.00002 -0.00003 * -0.12572  0.05040 -0.26864 *  0.10468 -0.00696  0.19178 * -0.009161 -0.000001
mu    1    3 *  0.00001  0.00002 -0.00011 * -0.08705  0.05405 -0.43650 *  0.10693 -0.00557  0.18973 * -0.009161 0.000000
mu    1    4 *  0.00000  0.00000  0.00000 * -0.12645  0.05105 -0.26975 *  0.00000  0.00000  0.00000 * -0.009161 0.000000
mu    1    5 *  0.00000  0.00000  0.00000 * -0.08672  0.05346 -0.43526 *  0.00000  0.00000  0.00000 * -0.009161 0.000000
mu    2    6 * -0.11355 -0.19075  0.10724 * -0.16771 -0.27283  0.15087 *  0.00404 -0.00211  0.00370 * -0.009161 -0.009522
mu    2    7 * -0.00001 -0.00003  0.00003 * -0.12053 -0.23424  0.10036 *  0.10585  0.17174 -0.04270 * -0.009161 -0.000000
mu    2    8 * -0.00006 -0.00005  0.00008 * -0.23813 -0.29616  0.21321 *  0.10546  0.17166 -0.03895 * -0.009161 -0.000007
mu    2    9 *  0.00000  0.00000  0.00000 * -0.12190 -0.23670  0.10184 *  0.00000  0.00000  0.00000 * -0.009161 0.000000
mu    2   10 *  0.00000  0.00000  0.00000 * -0.23427 -0.29603  0.21046 *  0.00000  0.00000  0.00000 * -0.009161 0.000000
mu MOLECULE ATOM * DIPOLES * STATIC * INDUCED * pot/atom -0.5*mu*E_s
mu    1    1 * -0.09882  0.05102 -0.24185 * -0.13375  0.07012 -0.35515 * -0.00868  0.00341  0.00655 * -0.010594 -0.006608
mu    1    2 * -0.00005  0.00004 -0.00006 * -0.20763  0.08169 -0.33805 *  0.08793  0.01082  0.20564 * -0.010594 -0.000005
mu    1    3 *  0.00001  0.00002 -0.00006 * -0.05989  0.03832 -0.34837 *  0.08859  0.01437  0.20403 * -0.010594 0.000000
mu    1    4 *  0.00000  0.00000  0.00000 * -0.20687  0.08212 -0.33772 *  0.00000  0.00000  0.00000 * -0.010594 0.000000
mu    1    5 *  0.00000  0.00000  0.00000 * -0.06053  0.03849 -0.34979 *  0.00000  0.00000  0.00000 * -0.010594 0.000000
mu    2    6 * -0.18048  0.16648  0.12244 * -0.26408  0.24211  0.17228 *  0.00395 -0.00216  0.00420 * -0.010594 -0.023830
mu    2    7 * -0.00002  0.00001  0.00006 * -0.20510  0.16722  0.16945 *  0.16595 -0.14961 -0.04063 * -0.010594 -0.000002
mu    2    8 * -0.00007  0.00008  0.00005 * -0.32304  0.33724  0.15124 *  0.16550 -0.14978 -0.03862 * -0.010594 -0.000011
mu    2    9 *  0.00000  0.00000  0.00000 * -0.20771  0.16952  0.17065 *  0.00000  0.00000  0.00000 * -0.010594 0.000000
mu    2   10 *  0.00000  0.00000  0.00000 * -0.32142  0.33265  0.15218 *  0.00000  0.00000  0.00000 * -0.010594 0.000000
mu MOLECULE ATOM * DIPOLES * STATIC * INDUCED * pot/atom -0.5*mu*E_s
mu    1    1 * -0.10168  0.05087 -0.21740 * -0.13932  0.07106 -0.31920 * -0.00724  0.00226  0.00585 * -0.008851 -0.007083
mu    1    2 * -0.00006  0.00004 -0.00005 * -0.21704  0.08350 -0.30368 *  0.08681  0.01174  0.18174 * -0.008851 -0.000006
mu    1    3 *  0.00001  0.00002 -0.00006 * -0.06510  0.04054 -0.31166 *  0.08710  0.01470  0.18031 * -0.008851 0.000000
mu    1    4 *  0.00000  0.00000  0.00000 * -0.21614  0.08391 -0.30349 *  0.00000  0.00000  0.00000 * -0.008851 0.000000
mu    1    5 *  0.00000  0.00000  0.00000 * -0.06581  0.04073 -0.31282 *  0.00000  0.00000  0.00000 * -0.008851 0.000000
mu    2    6 * -0.15822  0.16547  0.09770 * -0.23128  0.24020  0.13703 *  0.00324 -0.00171  0.00379 * -0.008851 -0.018296
mu    2    7 * -0.00002  0.00001  0.00005 * -0.18280  0.16895  0.14161 *  0.14533 -0.14876 -0.03133 * -0.008851 -0.000002
mu    2    8 * -0.00006  0.00008  0.00004 * -0.27626  0.32954  0.10940 *  0.14488 -0.14886 -0.02974 * -0.008851 -0.000008
mu    2    9 *  0.00000  0.00000  0.00000 * -0.18504  0.17120  0.14248 *  0.00000  0.00000  0.00000 * -0.008851 0.000000
mu    2   10 *  0.00000  0.00000  0.00000 * -0.27513  0.32537  0.11063 *  0.00000  0.00000  0.00000 * -0.008851 0.000000
mu MOLECULE ATOM * DIPOLES * STATIC * INDUCED * pot/atom -0.5*mu*E_s
mu    1    1 * -0.08720  0.04400 -0.21621 * -0.12004  0.06302 -0.31695 * -0.00565  0.00039  0.00533 * -0.008000 -0.005234
mu    1    2 * -0.00007  0.00005 -0.00006 * -0.21520  0.08832 -0.31903 *  0.06614  0.01715  0.18137 * -0.008000 -0.000007
mu    1    3 *  0.00001  0.00002 -0.00005 * -0.04366  0.02678 -0.29094 *  0.06593  0.01972  0.18026 * -0.008000 0.000000
mu    1    4 *  0.00000  0.00000  0.00000 * -0.21403  0.08858 -0.31918 *  0.00000  0.00000  0.00000 * -0.008000 0.000000
mu    1    5 *  0.00000  0.00000  0.00000 * -0.04438  0.02708 -0.29165 *  0.00000  0.00000  0.00000 * -0.008000 0.000000
mu    2    6 * -0.11547  0.19906  0.02841 * -0.16972  0.28872  0.03753 *  0.00329 -0.00181  0.00343 * -0.008000 -0.009798
mu    2    7 * -0.00002  0.00002  0.00003 * -0.14921  0.21556  0.06914 *  0.10721 -0.18048 -0.00420 * -0.008000 -0.000001
mu    2    8 * -0.00003  0.00008 -0.00001 * -0.17145  0.37283 -0.01801 *  0.10671 -0.18031 -0.00283 * -0.008000 -0.000002
mu    2    9 *  0.00000  0.00000  0.00000 * -0.15073  0.21822  0.06903 *  0.00000  0.00000  0.00000 * -0.008000 0.000000
mu    2   10 *  0.00000  0.00000  0.00000 * -0.17207  0.36918 -0.01558 *  0.00000  0.00000  0.00000 * -0.008000 0.000000
mu MOLECULE ATOM * DIPOLES * STATIC * INDUCED * pot/atom -0.5*mu*E_s
mu    1    1 *  0.17784 -0.14530  0.02342 *  0.26170 -0.20978  0.02859 * -0.00538  0.00035  0.00516 * -0.007655 -0.023269
mu    1    2 *  0.00007 -0.00007 -0.00002 *  0.32067 -0.20210 -0.06369 * -0.15585  0.05079  0.01106 * -0.007655 -0.000012
mu    1    3 *  0.00002 -0.00006  0.00005 *  0.19485 -0.18665  0.09639 * -0.15576  0.05300  0.01025 * -0.007655 -0.000002
mu    1    4 *  0.00000  0.00000  0.00000 *  0.31986 -0.20294 -0.06209 *  0.00000  0.00000  0.00000 * -0.007655 -0.000000
mu    1    5 *  0.00000  0.00000  0.00000 *  0.19604 -0.18713  0.09562 *  0.00000  0.00000  0.00000 * -0.007655 -0.000000
mu    2    6 * -0.11085  0.19722  0.02094 * -0.16389  0.28578  0.03637 *  0.00412 -0.00152 -0.00620 * -0.007655 -0.009084
mu    2    7 * -0.00007  0.00007  0.00002 * -0.22511  0.27769  0.12746 *  0.06005 -0.12566 -0.07668 * -0.007655 -0.000008
mu    2    8 * -0.00001  0.00006 -0.00005 * -0.09480  0.26307 -0.03022 *  0.06135 -0.12610 -0.07493 * -0.007655 -0.000001
mu    2    9 *  0.00000  0.00000  0.00000 * -0.22413  0.27876  0.12451 *  0.00000  0.00000  0.00000 * -0.007655 0.000000
mu    2   10 *  0.00000  0.00000  0.00000 * -0.09665  0.26289 -0.02829 *  0.00000  0.00000  0.00000 * -0.007655 0.000000
mu MOLECULE ATOM * DIPOLES * STATIC * INDUCED * pot/atom -0.5*mu*E_s
mu    1    1 *  0.18834 -0.13997 -0.01014 *  0.27700 -0.20559 -0.01516 * -0.00554  0.00385  0.00055 * -0.007657 -0.026085
mu    1    2 *  0.00003 -0.00001 -0.00003 *  0.24271 -0.15419 -0.09884 * -0.17246  0.12310  0.03439 * -0.007657 -0.000004
mu    1    3 *  0.00004 -0.00005  0.00006 *  0.27251 -0.24104  0.10904 * -0.17287  0.12380  0.03200 * -0.007657 -0.000006
mu    1    4 *  0.00000  0.00000  0.00000 *  0.24391 -0.15522 -0.09748 *  0.00000  0.00000  0.00000 * -0.007657 -0.000000
mu    1    5 *  0.00000  0.00000  0.00000 *  0.27283 -0.24049  0.10575 *  0.00000  0.00000  0.00000 * -0.007657 -0.000000
mu    2    6 * -0.04256 -0.01594  0.21621 * -0.06595 -0.02123  0.31818 *  0.00461 -0.00174 -0.00655 * -0.007657 -0.001404
mu    2    7 *  0.00005 -0.00005  0.00007 *  0.04028 -0.09971  0.33534 *  0.07280 -0.02386 -0.16603 * -0.007657 -0.000001
mu    2    8 * -0.00003  0.00001  0.00004 * -0.13342  0.04130  0.26052 *  0.07348 -0.02570 -0.16474 * -0.007657 -0.000002
mu    2    9 *  0.00000  0.00000  0.00000 *  0.03593 -0.09693  0.33635 *  0.00000  0.00000  0.00000 * -0.007657 -0.000000
mu    2   10 *  0.00000  0.00000  0.00000 * -0.13129  0.03942  0.26150 *  0.00000  0.00000  0.00000 * -0.007657 0.000000
mu MOLECULE ATOM * DIPOLES * STATIC * INDUCED * pot/atom -0.5*mu*E_s
mu    1    1 *  0.20767 -0.09938 -0.01658 *  0.30460 -0.14691 -0.02468 * -0.00528  0.00366  0.00079 * -0.007162 -0.031627
mu    1    2 *  0.00003 -0.00001 -0.00003 *  0.25612 -0.12205 -0.10338 * -0.19048  0.08835  0.03303 * -0.007162 -0.000004
mu    1    3 *  0.00006 -0.00003  0.00005 *  0.32235 -0.15156  0.08873 * -0.19089  0.08905  0.03083 * -0.007162 -0.000009
mu    1    4 *  0.00000  0.00000  0.00000 *  0.25760 -0.12257 -0.10186 *  0.00000  0.00000  0.00000 * -0.007162 -0.000000
mu    1    5 *  0.00000  0.00000  0.00000 *  0.32218 -0.15199  0.08524 *  0.00000  0.00000  0.00000 * -0.007162 -0.000000
mu    2    6 * -0.05906 -0.00107  0.20130 * -0.08947  0.00127  0.29618 *  0.00435 -0.00281 -0.00604 * -0.007162 -0.002642
mu    2    7 *  0.00004 -0.00004  0.00007 *  0.00064 -0.06691  0.32135 *  0.09015 -0.01539 -0.15496 * -0.007162 -0.000000
mu    2    8 * -0.00003  0.00001  0.00004 * -0.14886  0.04925  0.23629 *  0.09130 -0.01621 -0.15377 * -0.007162 -0.000002
mu    2    9 *  0.00000  0.00000  0.00000 * -0.00286 -0.06455  0.32240 *  0.00000  0.00000  0.00000 * -0.007162 0.000000
mu    2   10 *  0.00000  0.00000  0.00000 * -0.14700  0.04770  0.23770 *  0.00000  0.00000  0.00000 * -0.007162 0.000000
OUTPUT: Canonical Monte Carlo simulation running on 1 cores
OUTPUT: Root collecting statistics at Fri Mar 20 00:20:26 2015
OUTPUT: Completed step 30/50  (60.000 %)
OUTPUT: 0.001 sec/step, ETA = 0.000 hrs
OUTPUT: BF = 1.003 +- 0.065227
OUTPUT: AR = 1.00000 (0.00000 I/ 0.00000 R/ 1.00000 D)
OUTPUT: potential energy = -23.10271 +- 2.18582 K
OUTPUT: electrostatic energy = 3.28718 +- 2.18554 K
OUTPUT: repulsion/dispersion energy = -26.30416 +- 0.68007 K
OUTPUT: polarization energy = -0.08572 +- 0.01311 K (iterations = 10.0 +- -nan)
OUTPUT: N = 2.00000 +- 0.00000 molecules
OUTPUT: density = 0.00059 +- 0.00000 g/cm^3
OUTPUT: heat capacity = 2.01e-05 +- 8.8666e-06 kJ/mol K

mu MOLECULE ATOM * DIPOLES * STATIC * INDUCED * pot/atom -0.5*mu*E_s
mu    1    1 *  0.22139 -0.11038 -0.03718 *  0.32432 -0.16183 -0.05277 * -0.00522  0.00273 -0.00082 * -0.008148 -0.035899
mu    1    2 *  0.00002 -0.00001 -0.00004 *  0.25417 -0.13339 -0.12729 * -0.20439  0.10223  0.03557 * -0.008148 -0.000003
mu    1    3 *  0.00007 -0.00003  0.00005 *  0.36811 -0.17220  0.07191 * -0.20470  0.10221  0.03297 * -0.008148 -0.000013
mu    1    4 *  0.00000  0.00000  0.00000 *  0.25587 -0.13385 -0.12599 *  0.00000  0.00000  0.00000 * -0.008148 -0.000000
mu    1    5 *  0.00000  0.00000  0.00000 *  0.36759 -0.17264  0.06827 *  0.00000  0.00000  0.00000 * -0.008148 -0.000000
mu    2    6 *  0.02060  0.00293  0.21911 *  0.02465  0.00756  0.32272 *  0.00504 -0.00334 -0.00691 * -0.008148 -0.000254
mu    2    7 *  0.00008 -0.00004  0.00007 *  0.14847 -0.05871  0.31481 *  0.04164 -0.02889 -0.14946 * -0.008148 -0.000006
mu    2    8 * -0.00001  0.00001  0.00006 * -0.07281  0.05575  0.28046 *  0.04308 -0.03012 -0.14815 * -0.008148 -0.000000
mu    2    9 *  0.00000  0.00000  0.00000 *  0.14443 -0.05631  0.31731 *  0.00000  0.00000  0.00000 * -0.008148 -0.000000
mu    2   10 *  0.00000  0.00000  0.00000 * -0.07017  0.05431  0.28134 *  0.00000  0.00000  0.00000 * -0.008148 0.000000
mu MOLECULE ATOM * DIPOLES * STATIC * INDUCED * pot/atom -0.5*mu*E_s
mu    1    1 *  0.23083 -0.12135 -0.04815 *  0.33719 -0.17977 -0.06888 * -0.00448  0.00487 -0.00052 * -0.009211 -0.038917
mu    1    2 *  0.00002 -0.00001 -0.00004 *  0.26879 -0.13607 -0.13462 * -0.21201  0.11729  0.03501 * -0.009211 -0.000003
mu    1    3 *  0.00008 -0.00004  0.00003 *  0.38638 -0.20790  0.04392 * -0.21166  0.11821  0.03253 * -0.009211 -0.000015
mu    1    4 *  0.00000  0.00000  0.00000 *  0.27105 -0.13719 -0.13384 *  0.00000  0.00000  0.00000 * -0.009211 -0.000000
mu    1    5 *  0.00000  0.00000  0.00000 *  0.38409 -0.20709  0.04031 *  0.00000  0.00000  0.00000 * -0.009211 -0.000000
mu    2    6 * -0.03638 -0.07194  0.22068 * -0.05791 -0.09975  0.32568 *  0.00547 -0.00395 -0.00760 * -0.009211 -0.001053
mu    2    7 *  0.00005 -0.00007  0.00007 *  0.03053 -0.19380  0.31663 *  0.08749  0.04041 -0.15740 * -0.009211 -0.000001
mu    2    8 * -0.00002  0.00001  0.00006 * -0.12715 -0.02126  0.28766 *  0.08936  0.03913 -0.15560 * -0.009211 -0.000001
mu    2    9 *  0.00000  0.00000  0.00000 *  0.02765 -0.19126  0.31899 *  0.00000  0.00000  0.00000 * -0.009211 -0.000000
mu    2   10 *  0.00000  0.00000  0.00000 * -0.12479 -0.02364  0.28842 *  0.00000  0.00000  0.00000 * -0.009211 0.000000
mu MOLECULE ATOM * DIPOLES * STATIC * INDUCED * pot/atom -0.5*mu*E_s
mu    1    1 *  0.02068 -0.00804 -0.26393 *  0.03456 -0.01684 -0.37984 * -0.00475  0.00525 -0.00057 * -0.009558 -0.000357
mu    1    2 * -0.00003  0.00004 -0.00008 * -0.05396  0.03962 -0.30328 * -0.01368  0.05682  0.12271 * -0.009558 -0.000001
mu    1    3 *  0.00006 -0.00002 -0.00013 *  0.15701 -0.10836 -0.42308 * -0.01320  0.05802  0.12009 * -0.009558 -0.000005
mu    1    4 *  0.00000  0.00000  0.00000 * -0.05252  0.03882 -0.30578 *  0.00000  0.00000  0.00000 * -0.009558 0.000000
mu    1    5 *  0.00000  0.00000  0.00000 *  0.15303 -0.10560 -0.42112 *  0.00000  0.00000  0.00000 * -0.009558 -0.000000
mu    2    6 * -0.03347 -0.07842  0.23474 * -0.05532 -0.10844  0.33880 *  0.00708 -0.00459 -0.00046 * -0.009558 -0.000926
mu    2    7 *  0.00004 -0.00005  0.00007 *  0.02665 -0.15854  0.25779 *  0.05730  0.05282 -0.09665 * -0.009558 -0.000000
mu    2    8 * -0.00005  0.00001  0.00013 * -0.17120 -0.02328  0.38648 *  0.05890  0.05146 -0.09394 * -0.009558 -0.000004
mu    2    9 *  0.00000  0.00000  0.00000 *  0.02490 -0.15826  0.26151 *  0.00000  0.00000  0.00000 * -0.009558 -0.000000
mu    2   10 *  0.00000  0.00000  0.00000 * -0.16719 -0.02655  0.38532 *  0.00000  0.00000  0.00000 * -0.009558 0.000000
mu MOLECULE ATOM * DIPOLES * STATIC * INDUCED * pot/atom -0.5*mu*E_s
mu    1    1 *  0.00568 -0.00515 -0.28321 *  0.01679 -0.00785 -0.41332 * -0.00861  0.00042  0.00512 * -0.011391 -0.000048
mu    1    2 *  0.00000 -0.00001 -0.00009 *  0.03503  0.00003 -0.46551 * -0.02486 -0.02779  0.25265 * -0.011391 -0.000000
mu    1    3 * -0.00001 -0.00002 -0.00004 *  0.00719 -0.01494 -0.35369 * -0.02336 -0.02434  0.25343 * -0.011391 0.000000
mu    1    4 *  0.00000  0.00000  0.00000 *  0.03313  0.00057 -0.46499 *  0.00000  0.00000  0.00000 * -0.011391 -0.000000
mu    1    5 *  0.00000  0.00000  0.00000 *  0.00859 -0.01578 -0.35488 *  0.00000  0.00000  0.00000 * -0.011391 -0.000000
mu    2    6 * -0.02552  0.24200  0.12814 * -0.04455  0.35406  0.18492 *  0.00777 -0.00525 -0.00023 * -0.011391 -0.000569
mu    2    7 *  0.00001  0.00003  0.00004 * -0.02629  0.28809  0.16424 *  0.03837 -0.22831 -0.07052 * -0.011391 0.000000
mu    2    8 * -0.00001  0.00008  0.00006 * -0.07146  0.41925  0.19816 *  0.03931 -0.22908 -0.06819 * -0.011391 -0.000001
mu    2    9 *  0.00000  0.00000  0.00000 * -0.02684  0.29128  0.16564 *  0.00000  0.00000  0.00000 * -0.011391 0.000000
mu    2   10 *  0.00000  0.00000  0.00000 * -0.07235  0.41651  0.19832 *  0.00000  0.00000  0.00000 * -0.011391 0.000000
mu MOLECULE ATOM * DIPOLES * STATIC * INDUCED * pot/atom -0.5*mu*E_s
mu    1    1 *  0.04828 -0.02568 -0.27808 *  0.06741 -0.04166 -0.40537 *  0.00217  0.00465  0.00457 * -0.011084 -0.001627
mu    1    2 * -0.00002  0.00001 -0.00011 * -0.00503 -0.00571 -0.49642 * -0.03556  0.02865  0.25569 * -0.011084 -0.000000
mu    1    3 *  0.00003 -0.00001 -0.00003 *  0.10972 -0.05238 -0.31426 * -0.03905  0.02834  0.25584 * -0.011084 -0.000002
mu    1    4 *  0.00000  0.00000  0.00000 * -0.00331 -0.00664 -0.49598 *  0.00000  0.00000  0.00000 * -0.011084 0.000000
mu    1    5 *  0.00000  0.00000  0.00000 *  0.10854 -0.05227 -0.31524 *  0.00000  0.00000  0.00000 * -0.011084 -0.000000
mu    2    6 * -0.23390 -0.10440 -0.07749 * -0.34537 -0.14493 -0.11080 *  0.00824 -0.00555 -0.00089 * -0.011084 -0.040390
mu    2    7 * -0.00005  0.00001 -0.00001 * -0.31386 -0.07593 -0.04347 *  0.20896  0.09515  0.01506 * -0.011084 -0.000007
mu    2    8 * -0.00006 -0.00006 -0.00007 * -0.34675 -0.23915 -0.17819 *  0.20948  0.09492  0.01837 * -0.011084 -0.000010
mu    2    9 *  0.00000  0.00000  0.00000 * -0.31652 -0.07793 -0.04549 *  0.00000  0.00000  0.00000 * -0.011084 0.000000
mu    2   10 *  0.00000  0.00000  0.00000 * -0.34562 -0.23707 -0.17748 *  0.00000  0.00000  0.00000 * -0.011084 0.000000
mu MOLECULE ATOM * DIPOLES * STATIC * INDUCED * pot/atom -0.5*mu*E_s
mu    1    1 *  0.04930 -0.02482 -0.26950 *  0.07894 -0.04215 -0.39535 * -0.00788  0.00638  0.00692 * -0.011589 -0.001946
mu    1    2 * -0.00000 -0.00001 -0.00007 *  0.04696 -0.04370 -0.40600 * -0.05628  0.02425  0.24927 * -0.011589 0.000000
mu    1    3 *  0.00002 -0.00001 -0.00005 *  0.10911 -0.03568 -0.36531 * -0.05854  0.02153  0.24875 * -0.011589 -0.000001
mu    1    4 *  0.00000  0.00000  0.00000 *  0.04838 -0.04431 -0.40718 *  0.00000  0.00000  0.00000 * -0.011589 -0.000000
mu    1    5 *  0.00000  0.00000  0.00000 *  0.10709 -0.03529 -0.36507 *  0.00000  0.00000  0.00000 * -0.011589 -0.000000
mu    2    6 * -0.23336  0.07794  0.14553 * -0.34446  0.11744  0.21061 *  0.00811 -0.00510 -0.00086 * -0.011589 -0.040192
mu    2    7 * -0.00002  0.00001  0.00005 * -0.27025  0.10122  0.21008 *  0.22591 -0.08031 -0.08685 * -0.011589 -0.000003
mu    2    8 * -0.00008  0.00002  0.00005 * -0.41686  0.12874  0.19175 *  0.22692 -0.08111 -0.08493 * -0.011589 -0.000017
mu    2    9 *  0.00000  0.00000  0.00000 * -0.27360  0.10216  0.21125 *  0.00000  0.00000  0.00000 * -0.011589 0.000000
mu    2   10 *  0.00000  0.00000  0.00000 * -0.41487  0.12679  0.19179 *  0.00000  0.00000  0.00000 * -0.011589 0.000000
mu MOLECULE ATOM * DIPOLES * STATIC * INDUCED * pot/atom -0.5*mu*E_s
mu    1    1 *  0.04800 -0.01718 -0.26000 *  0.06873 -0.03012 -0.37834 *  0.00045  0.00536  0.00359 * -0.009601 -0.001649
mu    1    2 *  0.00000  0.00000 -0.00010 *  0.03131 -0.02397 -0.45697 * -0.02334  0.03007  0.23759 * -0.009601 -0.000000
mu    1    3 *  0.00003  0.00000 -0.00003 *  0.09119 -0.02796 -0.30220 * -0.02619  0.02894  0.23795 * -0.009601 -0.000001
mu    1    4 *  0.00000  0.00000  0.00000 *  0.03183 -0.02380 -0.45650 *  0.00000  0.00000  0.00000 * -0.009601 -0.000000
mu    1    5 *  0.00000  0.00000  0.00000 *  0.09081 -0.02827 -0.30286 *  0.00000  0.00000  0.00000 * -0.009601 -0.000000
mu    2    6 * -0.20967 -0.13215 -0.01157 * -0.30984 -0.18600 -0.01588 *  0.00764 -0.00448 -0.00080 * -0.009601 -0.032482
mu    2    7 * -0.00004 -0.00001  0.00000 * -0.27515 -0.13047  0.01163 *  0.19299  0.11692 -0.00804 * -0.009601 -0.000005
mu    2    8 * -0.00006 -0.00006 -0.00002 * -0.32958 -0.24984 -0.04089 *  0.19369  0.11650 -0.00515 * -0.009601 -0.000010
mu    2    9 *  0.00000  0.00000  0.00000 * -0.27752 -0.13256  0.01086 *  0.00000  0.00000  0.00000 * -0.009601 0.000000
mu    2   10 *  0.00000  0.00000  0.00000 * -0.32775 -0.24890 -0.04127 *  0.00000  0.00000  0.00000 * -0.009601 0.000000
mu MOLECULE ATOM * DIPOLES * STATIC * INDUCED * pot/atom -0.5*mu*E_s
mu    1    1 * -0.00502  0.19644 -0.18998 * -0.00782  0.27753 -0.27755 *  0.00059  0.00561  0.00373 * -0.010226 -0.000020
mu    1    2 *  0.00004  0.00007 -0.00008 *  0.04689  0.31041 -0.34831 *  0.04584 -0.15205  0.17419 * -0.010226 -0.000001
mu    1    3 *  0.00000  0.00003 -0.00002 * -0.03947  0.22920 -0.22030 *  0.04256 -0.15344  0.17460 * -0.010226 0.000000
mu    1    4 *  0.00000  0.00000  0.00000 *  0.04471  0.31164 -0.34712 *  0.00000  0.00000  0.00000 * -0.010226 -0.000000
mu    1    5 *  0.00000  0.00000  0.00000 * -0.03801  0.22927 -0.22108 *  0.00000  0.00000  0.00000 * -0.010226 0.000000
mu    2    6 * -0.21603 -0.14393 -0.01598 * -0.31263 -0.20245 -0.02658 *  0.00126 -0.00500  0.00355 * -0.010226 -0.033768
mu    2    7 * -0.00002 -0.00003  0.00001 * -0.23512 -0.17024 -0.04000 *  0.17875  0.10472  0.06501 * -0.010226 -0.000003
mu    2    8 * -0.00010 -0.00005  0.00003 * -0.41318 -0.21922  0.00033 *  0.17633  0.10326  0.06873 * -0.010226 -0.000022
mu    2    9 *  0.00000  0.00000  0.00000 * -0.23745 -0.17232 -0.04049 *  0.00000  0.00000  0.00000 * -0.010226 0.000000
mu    2   10 *  0.00000  0.00000  0.00000 * -0.40819 -0.21860 -0.00086 *  0.00000  0.00000  0.00000 * -0.010226 0.000000
mu MOLECULE ATOM * DIPOLES * STATIC * INDUCED * pot/atom -0.5*mu*E_s
mu    1    1 * -0.02850  0.21488 -0.18557 * -0.03258  0.30917 -0.26903 * -0.00849  0.00054  0.00156 * -0.010901 -0.000464
mu    1    2 * -0.00001  0.00006 -0.00007 * -0.04580  0.32990 -0.33290 *  0.01417 -0.19881  0.16247 * -0.010901 -0.000000
mu    1    3 *  0.00000  0.00003 -0.00002 * -0.01209  0.27148 -0.21434 *  0.01559 -0.19665  0.16514 * -0.010901 0.000000
mu    1    4 *  0.00000  0.00000  0.00000 * -0.04622  0.32897 -0.33008 *  0.00000  0.00000  0.00000 * -0.010901 0.000000
mu    1    5 *  0.00000  0.00000  0.00000 * -0.01212  0.27328 -0.21667 *  0.00000  0.00000  0.00000 * -0.010901 0.000000
mu    2    6 *  0.02656  0.16029  0.20845 *  0.03757  0.23616  0.29626 *  0.00072 -0.00512  0.00419 * -0.010901 -0.000499
mu    2    7 * -0.00000  0.00000  0.00004 *  0.03612  0.17727  0.23210 * -0.04124 -0.17069 -0.13401 * -0.010901 0.000000
mu    2    8 * -0.00001  0.00006  0.00010 *  0.03174  0.31199  0.36958 * -0.04314 -0.17112 -0.13211 * -0.010901 0.000000
mu    2    9 *  0.00000  0.00000  0.00000 *  0.03550  0.17936  0.23478 *  0.00000  0.00000  0.00000 * -0.010901 -0.000000
mu    2   10 *  0.00000  0.00000  0.00000 *  0.03094  0.30852  0.36599 *  0.00000  0.00000  0.00000 * -0.010901 -0.000000
mu MOLECULE ATOM * DIPOLES * STATIC * INDUCED * pot/atom -0.5*mu*E_s
mu    1    1 * -0.20992 -0.16032  0.23561 * -0.29489 -0.23166  0.33790 * -0.00767  0.00059  0.00170 * -0.013317 -0.030951
mu    1    2 * -0.00007 -0.00008  0.00003 * -0.33613 -0.32148  0.29126 *  0.18035  0.14263 -0.21404 * -0.013317 -0.000012
mu    1    3 * -0.00002 -0.00001  0.00006 * -0.22886 -0.15633  0.34507 *  0.18145  0.14413 -0.21232 * -0.013317 -0.000002
mu    1    4 *  0.00000  0.00000  0.00000 * -0.33394 -0.31881  0.29144 *  0.00000  0.00000  0.00000 * -0.013317 0.000000
mu    1    5 *  0.00000  0.00000  0.00000 * -0.23175 -0.15798  0.34719 *  0.00000  0.00000  0.00000 * -0.013317 0.000000
mu    2    6 *  0.00855  0.15630  0.19380 *  0.01814  0.21638  0.27627 * -0.00581  0.00891  0.00306 * -0.013317 -0.000078
mu    2    7 * -0.00001  0.00005  0.00002 *  0.03554  0.15959  0.19517 * -0.05099 -0.05543 -0.15335 * -0.013317 0.000000
mu    2    8 * -0.00004  0.00010  0.00011 * -0.02405  0.28767  0.39684 * -0.05594 -0.05342 -0.15058 * -0.013317 -0.000000
mu    2    9 *  0.00000  0.00000  0.00000 *  0.03431  0.16116  0.19735 *  0.00000  0.00000  0.00000 * -0.013317 -0.000000
mu    2   10 *  0.00000  0.00000  0.00000 * -0.02254  0.28662  0.39397 *  0.00000  0.00000  0.00000 * -0.013317 0.000000
OUTPUT: Canonical Monte Carlo simulation running on 1 cores
OUTPUT: Root collecting statistics at Fri Mar 20 00:20:26 2015
OUTPUT: Completed step 40/50  (80.000 %)
OUTPUT: 0.001 sec/step, ETA = 0.000 hrs
OUTPUT: BF = 1.0066 +- 0.047905
OUTPUT: AR = 1.00000 (0.00000 I/ 0.00000 R/ 1.00000 D)
OUTPUT: potential energy = -25.03694 +- 2.57059 K
OUTPUT: electrostatic energy = 1.63726 +- 2.36393 K
OUTPUT: repulsion/dispersion energy = -26.57899 +- 0.59416 K
OUTPUT: polarization energy = -0.09521 +- 0.01390 K (iterations = 10.0 +- 0.0)
OUTPUT: N = 2.00000 +- 0.00000 molecules
OUTPUT: density = 0.00059 +- 0.00000 g/cm^3
OUTPUT: heat capacity = 3.7066e-05 +- 1.2401e-05 kJ/mol K

mu MOLECULE ATOM * DIPOLES * STATIC * INDUCED * pot/atom -0.5*mu*E_s
mu    1    1 * -0.23078 -0.15646  0.24190 * -0.32900 -0.23084  0.34209 * -0.00363  0.00533  0.00656 * -0.014608 -0.037964
mu    1    2 * -0.00010 -0.00004  0.00011 * -0.35254 -0.18815  0.48229 *  0.11963  0.10658 -0.23971 * -0.014608 -0.000018
mu    1    3 * -0.00007 -0.00006 -0.00001 * -0.26915 -0.24535  0.21935 *  0.11673  0.10469 -0.24091 * -0.014608 -0.000009
mu    1    4 *  0.00000  0.00000  0.00000 * -0.35329 -0.18804  0.47900 *  0.00000  0.00000  0.00000 * -0.014608 0.000000
mu    1    5 *  0.00000  0.00000  0.00000 * -0.27009 -0.24655  0.22199 *  0.00000  0.00000  0.00000 * -0.014608 0.000000
mu    2    6 * -0.26026 -0.01300  0.02501 * -0.36878 -0.02834  0.03266 * -0.00635  0.00961  0.00339 * -0.014608 -0.047990
mu    2    7 * -0.00003  0.00003  0.00001 * -0.26885  0.00502  0.03842 *  0.20579  0.06811 -0.00841 * -0.014608 -0.000004
mu    2    8 * -0.00013 -0.00001  0.00000 * -0.50502 -0.08990  0.00945 *  0.19976  0.07222 -0.00494 * -0.014608 -0.000034
mu    2    9 *  0.00000  0.00000  0.00000 * -0.27143  0.00359  0.03774 *  0.00000  0.00000  0.00000 * -0.014608 0.000000
mu    2   10 *  0.00000  0.00000  0.00000 * -0.50228 -0.08779  0.01037 *  0.00000  0.00000  0.00000 * -0.014608 0.000000
mu MOLECULE ATOM * DIPOLES * STATIC * INDUCED * pot/atom -0.5*mu*E_s
mu    1    1 *  0.07143 -0.18380  0.10205 *  0.10573 -0.26907  0.14190 * -0.00277  0.00415  0.00520 * -0.007233 -0.003776
mu    1    2 *  0.00003 -0.00005  0.00004 *  0.12320 -0.29845  0.16560 * -0.05878  0.17387 -0.08421 * -0.007233 -0.000002
mu    1    3 *  0.00001 -0.00003  0.00001 *  0.09280 -0.23420  0.11357 * -0.06110  0.17266 -0.08519 * -0.007233 -0.000001
mu    1    4 *  0.00000  0.00000  0.00000 *  0.12190 -0.29737  0.16601 *  0.00000  0.00000  0.00000 * -0.007233 -0.000000
mu    1    5 *  0.00000  0.00000  0.00000 *  0.09410 -0.23549  0.11359 *  0.00000  0.00000  0.00000 * -0.007233 -0.000000
mu    2    6 * -0.22323 -0.01663  0.01755 * -0.32318 -0.02631  0.02952 *  0.00142  0.00234 -0.00423 * -0.007233 -0.036072
mu    2    7 * -0.00003  0.00002 -0.00000 * -0.26310 -0.00790  0.02068 *  0.18609  0.05053 -0.02990 * -0.007233 -0.000004
mu    2    8 * -0.00009  0.00000  0.00001 * -0.38781 -0.05021  0.04298 *  0.18411  0.05304 -0.03067 * -0.007233 -0.000017
mu    2    9 *  0.00000  0.00000  0.00000 * -0.26487 -0.00907  0.02030 *  0.00000  0.00000  0.00000 * -0.007233 0.000000
mu    2   10 *  0.00000  0.00000  0.00000 * -0.38770 -0.04944  0.04288 *  0.00000  0.00000  0.00000 * -0.007233 0.000000
mu MOLECULE ATOM * DIPOLES * STATIC * INDUCED * pot/atom -0.5*mu*E_s
mu    1    1 *  0.03636 -0.17417  0.14002 *  0.05534 -0.25510  0.19662 * -0.00292  0.00406  0.00520 * -0.007260 -0.001006
mu    1    2 *  0.00002 -0.00005  0.00005 *  0.07704 -0.27304  0.22857 * -0.03430  0.16183 -0.12075 * -0.007260 -0.000001
mu    1    3 *  0.00000 -0.00003  0.00002 *  0.04316 -0.23035  0.15769 * -0.03655  0.16060 -0.12174 * -0.007260 -0.000000
mu    1    4 *  0.00000  0.00000  0.00000 *  0.07561 -0.27208  0.22870 *  0.00000  0.00000  0.00000 * -0.007260 -0.000000
mu    1    5 *  0.00000  0.00000  0.00000 *  0.04437 -0.23160  0.15809 *  0.00000  0.00000  0.00000 * -0.007260 -0.000000
mu    2    6 * -0.21972 -0.00423  0.03171 * -0.31656 -0.00933  0.04893 * -0.00013  0.00324 -0.00323 * -0.007260 -0.034777
mu    2    7 * -0.00003  0.00002 -0.00000 * -0.25138  0.00492  0.03409 *  0.17525  0.04801 -0.04083 * -0.007260 -0.000004
mu    2    8 * -0.00010  0.00001  0.00001 * -0.39127 -0.03038  0.07076 *  0.17295  0.05026 -0.04110 * -0.007260 -0.000019
mu    2    9 *  0.00000  0.00000  0.00000 * -0.25342  0.00394  0.03392 *  0.00000  0.00000  0.00000 * -0.007260 0.000000
mu    2   10 *  0.00000  0.00000  0.00000 * -0.39068 -0.02942  0.07061 *  0.00000  0.00000  0.00000 * -0.007260 0.000000
mu MOLECULE ATOM * DIPOLES * STATIC * INDUCED * pot/atom -0.5*mu*E_s
mu    1    1 *  0.03421 -0.15786  0.12925 *  0.05344 -0.23122  0.18155 * -0.00414  0.00370  0.00475 * -0.006348 -0.000914
mu    1    2 *  0.00001 -0.00004  0.00004 *  0.06075 -0.22955  0.21064 * -0.04458  0.13924 -0.11528 * -0.006348 -0.000000
mu    1    3 *  0.00000 -0.00004  0.00001 *  0.05317 -0.22200  0.14502 * -0.04638  0.13771 -0.11611 * -0.006348 -0.000000
mu    1    4 *  0.00000  0.00000  0.00000 *  0.05979 -0.22913  0.21066 *  0.00000  0.00000  0.00000 * -0.006348 -0.000000
mu    1    5 *  0.00000  0.00000  0.00000 *  0.05406 -0.22290  0.14542 *  0.00000  0.00000  0.00000 * -0.006348 -0.000000
mu    2    6 * -0.19039  0.03576  0.08692 * -0.27425  0.04881  0.12808 * -0.00016  0.00274 -0.00280 * -0.006348 -0.026107
mu    2    7 * -0.00003  0.00003  0.00000 * -0.21737  0.05797  0.09585 *  0.14623  0.01607 -0.09112 * -0.006348 -0.000003
mu    2    8 * -0.00009  0.00002  0.00003 * -0.33816  0.02875  0.16774 *  0.14436  0.01763 -0.09137 * -0.006348 -0.000014
mu    2    9 *  0.00000  0.00000  0.00000 * -0.21942  0.05729  0.09643 *  0.00000  0.00000  0.00000 * -0.006348 0.000000
mu    2   10 *  0.00000  0.00000  0.00000 * -0.33753  0.03008  0.16742 *  0.00000  0.00000  0.00000 * -0.006348 0.000000
mu MOLECULE ATOM * DIPOLES * STATIC * INDUCED * pot/atom -0.5*mu*E_s
mu    1    1 *  0.02890 -0.14594  0.11795 *  0.04334 -0.21372  0.17033 * -0.00169  0.00338 -0.00032 * -0.004954 -0.000626
mu    1    2 *  0.00001 -0.00004  0.00002 *  0.08377 -0.18544  0.08553 * -0.05510  0.08955 -0.04272 * -0.004954 -0.000001
mu    1    3 * -0.00004 -0.00005  0.00010 * -0.03110 -0.21373  0.27921 * -0.05464  0.09042 -0.04415 * -0.004954 -0.000001
mu    1    4 *  0.00000  0.00000  0.00000 *  0.08292 -0.18608  0.08723 *  0.00000  0.00000  0.00000 * -0.004954 -0.000000
mu    1    5 *  0.00000  0.00000  0.00000 * -0.02830 -0.21447  0.27665 *  0.00000  0.00000  0.00000 * -0.004954 0.000000
mu    2    6 * -0.04969 -0.10965  0.13169 * -0.07148 -0.16049  0.19222 * -0.00015  0.00244 -0.00242 * -0.004954 -0.001776
mu    2    7 * -0.00001 -0.00001  0.00002 * -0.09533 -0.08174  0.16558 *  0.06833  0.05871 -0.11193 * -0.004954 -0.000001
mu    2    8 *  0.00002 -0.00009  0.00004 * -0.01361 -0.26750  0.19480 *  0.06746  0.06041 -0.11148 * -0.004954 0.000000
mu    2    9 *  0.00000  0.00000  0.00000 * -0.09488 -0.08408  0.16663 *  0.00000  0.00000  0.00000 * -0.004954 0.000000
mu    2   10 *  0.00000  0.00000  0.00000 * -0.01647 -0.26476  0.19638 *  0.00000  0.00000  0.00000 * -0.004954 0.000000
mu MOLECULE ATOM * DIPOLES * STATIC * INDUCED * pot/atom -0.5*mu*E_s
mu    1    1 * -0.04897 -0.13400  0.15899 * -0.06869 -0.19655  0.22921 * -0.00189  0.00341 -0.00005 * -0.005561 -0.001682
mu    1    2 *  0.00000 -0.00006  0.00004 * -0.00004 -0.19088  0.14261 *  0.00647  0.06460 -0.05954 * -0.005561 0.000000
mu    1    3 * -0.00007 -0.00004  0.00012 * -0.16919 -0.16473  0.32786 *  0.00674  0.06550 -0.06086 * -0.005561 -0.000006
mu    1    4 *  0.00000  0.00000  0.00000 * -0.00147 -0.19112  0.14424 *  0.00000  0.00000  0.00000 * -0.005561 0.000000
mu    1    5 *  0.00000  0.00000  0.00000 * -0.16599 -0.16613  0.32614 *  0.00000  0.00000  0.00000 * -0.005561 0.000000
mu    2    6 * -0.06213 -0.09330  0.13558 * -0.08789 -0.13833  0.19624 * -0.00166  0.00386 -0.00083 * -0.005561 -0.002730
mu    2    7 * -0.00001 -0.00000  0.00002 * -0.09761 -0.06605  0.15879 *  0.06889  0.06079 -0.12225 * -0.005561 -0.000001
mu    2    8 *  0.00001 -0.00008  0.00004 * -0.04632 -0.24811  0.22164 *  0.06754  0.06213 -0.12112 * -0.005561 0.000000
mu    2    9 *  0.00000  0.00000  0.00000 * -0.09777 -0.06797  0.16020 *  0.00000  0.00000  0.00000 * -0.005561 0.000000
mu    2   10 *  0.00000  0.00000  0.00000 * -0.04888 -0.24474  0.22226 *  0.00000  0.00000  0.00000 * -0.005561 0.000000
mu MOLECULE ATOM * DIPOLES * STATIC * INDUCED * pot/atom -0.5*mu*E_s
mu    1    1 * -0.04214 -0.12901  0.13904 * -0.05924 -0.18885  0.20055 * -0.00150  0.00291 -0.00015 * -0.004643 -0.001248
mu    1    2 *  0.00000 -0.00005  0.00003 *  0.00160 -0.17966  0.12300 *  0.00414  0.06537 -0.04972 * -0.004643 -0.000000
mu    1    3 * -0.00006 -0.00004  0.00011 * -0.14936 -0.16618  0.29095 *  0.00438  0.06611 -0.05086 * -0.004643 -0.000005
mu    1    4 *  0.00000  0.00000  0.00000 *  0.00035 -0.17995  0.12444 *  0.00000  0.00000  0.00000 * -0.004643 -0.000000
mu    1    5 *  0.00000  0.00000  0.00000 * -0.14649 -0.16729  0.28931 *  0.00000  0.00000  0.00000 * -0.004643 0.000000
mu    2    6 * -0.05050 -0.09338  0.12198 * -0.07150 -0.13789  0.17653 * -0.00129  0.00330 -0.00071 * -0.004643 -0.001806
mu    2    7 * -0.00001 -0.00001  0.00002 * -0.08380 -0.07056  0.14606 *  0.05921  0.05839 -0.11038 * -0.004643 -0.000000
mu    2    8 *  0.00001 -0.00008  0.00004 * -0.02993 -0.23708  0.19415 *  0.05816  0.05946 -0.10936 * -0.004643 0.000000
mu    2    9 *  0.00000  0.00000  0.00000 * -0.08385 -0.07237  0.14728 *  0.00000  0.00000  0.00000 * -0.004643 0.000000
mu    2   10 *  0.00000  0.00000  0.00000 * -0.03230 -0.23415  0.19484 *  0.00000  0.00000  0.00000 * -0.004643 0.000000
mu MOLECULE ATOM * DIPOLES * STATIC * INDUCED * pot/atom -0.5*mu*E_s
mu    1    1 * -0.02799 -0.14890  0.13790 * -0.03896 -0.21224  0.19708 * -0.00138 -0.00238  0.00168 * -0.005376 -0.000545
mu    1    2 *  0.00003 -0.00010  0.00002 *  0.02558 -0.28816  0.16151 *  0.03877  0.06289 -0.12472 * -0.005376 -0.000000
mu    1    3 * -0.00002 -0.00003  0.00003 * -0.07380 -0.13926  0.20186 *  0.03833  0.06451 -0.12440 * -0.005376 -0.000001
mu    1    4 *  0.00000  0.00000  0.00000 *  0.02395 -0.28689  0.16305 *  0.00000  0.00000  0.00000 * -0.005376 -0.000000
mu    1    5 *  0.00000  0.00000  0.00000 * -0.07346 -0.14080  0.20161 *  0.00000  0.00000  0.00000 * -0.005376 0.000000
mu    2    6 *  0.01366  0.17709 -0.04338 *  0.02080  0.25186 -0.06150 * -0.00112  0.00338 -0.00102 * -0.005376 -0.000142
mu    2    7 *  0.00000  0.00004 -0.00002 *  0.05849  0.18487 -0.08169 * -0.04818 -0.08733  0.03670 * -0.005376 -0.000000
mu    2    8 * -0.00004  0.00010  0.00001 * -0.04659  0.32179 -0.01053 * -0.04993 -0.08607  0.03664 * -0.005376 -0.000001
mu    2    9 *  0.00000  0.00000  0.00000 *  0.05768  0.18719 -0.08128 *  0.00000  0.00000  0.00000 * -0.005376 -0.000000
mu    2   10 *  0.00000  0.00000  0.00000 * -0.04373  0.32100 -0.01322 *  0.00000  0.00000  0.00000 * -0.005376 0.000000
mu MOLECULE ATOM * DIPOLES * STATIC * INDUCED * pot/atom -0.5*mu*E_s
mu    1    1 * -0.02901 -0.13957  0.12838 * -0.03833 -0.20120  0.18195 * -0.00348  0.00004  0.00309 * -0.004784 -0.000556
mu    1    2 *  0.00002 -0.00009  0.00001 *  0.02592 -0.24789  0.12967 *  0.02380  0.04661 -0.10217 * -0.004784 -0.000000
mu    1    3 * -0.00003 -0.00004  0.00005 * -0.08289 -0.13920  0.20826 *  0.02410  0.04808 -0.10245 * -0.004784 -0.000001
mu    1    4 *  0.00000  0.00000  0.00000 *  0.02454 -0.24745  0.13128 *  0.00000  0.00000  0.00000 * -0.004784 -0.000000
mu    1    5 *  0.00000  0.00000  0.00000 * -0.08234 -0.14060  0.20753 *  0.00000  0.00000  0.00000 * -0.004784 0.000000
mu    2    6 * -0.07364  0.15079  0.04524 * -0.10514  0.21429  0.06610 * -0.00100  0.00305 -0.00090 * -0.004784 -0.003872
mu    2    7 * -0.00001  0.00005 -0.00001 * -0.05228  0.18089  0.02086 *  0.02710 -0.05711 -0.04311 * -0.004784 -0.000000
mu    2    8 * -0.00007  0.00008  0.00004 * -0.17771  0.23237  0.13731 *  0.02558 -0.05628 -0.04332 * -0.004784 -0.000006
mu    2    9 *  0.00000  0.00000  0.00000 * -0.05391  0.18225  0.02207 *  0.00000  0.00000  0.00000 * -0.004784 0.000000
mu    2   10 *  0.00000  0.00000  0.00000 * -0.17547  0.23341  0.13495 *  0.00000  0.00000  0.00000 * -0.004784 0.000000
mu MOLECULE ATOM * DIPOLES * STATIC * INDUCED * pot/atom -0.5*mu*E_s
mu    1    1 * -0.01547 -0.13518  0.11012 * -0.01883 -0.19673  0.15542 * -0.00347  0.00190  0.00331 * -0.004288 -0.000146
mu    1    2 *  0.00002 -0.00003  0.00003 *  0.01919 -0.20028  0.14103 *  0.03371  0.12496 -0.07252 * -0.004288 -0.000000
mu    1    3 * -0.00001 -0.00003  0.00004 * -0.05440 -0.18778  0.15340 *  0.03284  0.12485 -0.07337 * -0.004288 -0.000000
mu    1    4 *  0.00000  0.00000  0.00000 *  0.01873 -0.20029  0.14088 *  0.00000  0.00000  0.00000 * -0.004288 -0.000000
mu    1    5 *  0.00000  0.00000  0.00000 * -0.05439 -0.18783  0.15434 *  0.00000  0.00000  0.00000 * -0.004288 0.000000
mu    2    6 * -0.13435  0.05933  0.08648 * -0.19297  0.08292  0.12561 * -0.00067  0.00259 -0.00096 * -0.004288 -0.012963
mu    2    7 * -0.00003  0.00003  0.00000 * -0.15610  0.07480  0.08431 *  0.09471 -0.00003 -0.07987 * -0.004288 -0.000002
mu    2    8 * -0.00006  0.00004  0.00005 * -0.23229  0.08564  0.18331 *  0.09353  0.00072 -0.07995 * -0.004288 -0.000007
mu    2    9 *  0.00000  0.00000  0.00000 * -0.15765  0.07508  0.08515 *  0.00000  0.00000  0.00000 * -0.004288 0.000000
mu    2   10 *  0.00000  0.00000  0.00000 * -0.23164  0.08618  0.18224 *  0.00000  0.00000  0.00000 * -0.004288 0.000000
OUTPUT: Canonical Monte Carlo simulation running on 1 cores
OUTPUT: Root collecting statistics at Fri Mar 20 00:20:26 2015
OUTPUT: Completed step 50/50  (100.000 %)
OUTPUT: 0.001 sec/step, ETA = 0.000 hrs
OUTPUT: BF = 1.0026 +- 0.039873
OUTPUT: AR = 1.00000 (0.00000 I/ 0.00000 R/ 1.00000 D)
OUTPUT: potential energy = -24.35266 +- 2.20761 K
OUTPUT: electrostatic energy = 1.16730 +- 1.98653 K
OUTPUT: repulsion/dispersion energy = -25.43347 +- 1.24401 K
OUTPUT: polarization energy = -0.08649 +- 0.01431 K (iterations = 10.0 +- 0.0)
OUTPUT: N = 2.00000 +- 0.00000 molecules
OUTPUT: density = 0.00059 +- -nan g/cm^3
OUTPUT: heat capacity = 3.4172e-05 +- 9.2231e-06 kJ/mol K

MAIN: freeing all data structures.......done
MAIN: simulation exiting successfully

