-0.003758 0.005637 0.010835
0.029010 -0.014858 0.001671
-0.044642 -0.012764 0.001798
0.000752 0.015216 -0.009294
-0.001287 0.025115 0.008038
-0.007640 0.021710 0.006506
0.001173 -0.000149 -0.000847
-0.027332 0.003992 0.004203
-0.015883 -0.005904 0.007819
-0.018088 0.004568 0.013940
-0.001133 0.001295 0.000838
0.008681 -0.020370 0.003027
0.000175 0.009481 -0.011739
0.017576 0.016580 -0.040086
-0.002032 -0.000651 -0.008965
-0.001497 -0.006771 -0.004398
-0.002322 0.010352 0.007096
-0.007436 -0.010793 0.009742
-0.005396 -0.008638 0.000464
-0.034820 -0.003961 -0.007559
0.017452 0.014363 0.014846
-0.002749 -0.018699 0.007815
-0.006798 -0.010283 -0.001955
-0.008831 0.002367 -0.011561
-0.036358 -0.001292 -0.007949
-0.002727 0.008044 -0.008375
0.015195 -0.003323 -0.008726
0.013098 -0.018448 0.011511
0.000588 0.024171 -0.001759
0.006319 0.011504 0.000983
0.009821 -0.008362 0.002202
0.004725 0.008863 0.013363
-0.005674 0.009940 0.008086
-0.003021 -0.005299 -0.007346
-0.013911 0.018456 0.013186
-0.008462 0.006636 0.012519
-0.030932 -0.003081 -0.009447
0.007170 -0.016314 0.010730
-0.007513 -0.004846 -0.002156
0.011777 0.001004 0.007623
0.038583 0.006611 -0.015745
-0.012889 0.011763 0.014432
0.008369 -0.005573 -0.019731
0.015138 0.007913 0.006501
0.005803 -0.007306 -0.018346
0.020436 -0.007600 -0.000426
0.006141 -0.012028 0.002121
0.013174 0.021878 -0.030780
-0.003950 -0.018146 -0.005830
0.004571 0.002689 -0.019447
-0.021505 -0.003839 0.001348
-0.008204 -0.002894 -0.001141
0.032974 -0.008766 -0.009618
