Configuration 0
98948.472
Ar 1   0 0 0 0
Ar 2 1.8 0 0 0
Configuration 0
51406.2
Ar 1   0 0 0 0
Ar 2 2.0 0 0 0
Configuration 0
25736.338
Ar 1   0 0 0 0
Ar 2 2.2 0 0 0
Configuration 0
12404.62
Ar 1   0 0 0 0
Ar 2 2.4 0 0 0
Configuration 1
5701.427
Ar 1   0 0 0 0
Ar 2 2.6 0 0 0
Configuration 2
2439.023
Ar 1   0 0 0 0
Ar 2 2.8 0 0 0
Configuration 3
912.136
Ar 1   0 0 0 0
Ar 2 3.0 0 0 0
Configuration 4
502.756
Ar 1   0 0 0 0
Ar 2 3.1 0 0 0
Configuration 0
235.724
Ar 1   0 0 0 0
Ar 2 3.2 0 0 0
Configuration 5
66.058
Ar 1   0 0 0 0
Ar 2 3.3 0 0 0
Configuration 0
-37.753
Ar 1   0 0 0 0
Ar 2 3.4 0 0 0
Configuration 6
-97.643
Ar 1   0 0 0 0
Ar 2 3.5 0 0 0
Configuration 7
-128.726
Ar 1   0 0 0 0
Ar 2 3.6 0 0 0
Configuration 8
-141.366
Ar 1   0 0 0 0
Ar 2 3.7 0 0 0
Configuration 9
-142.546
Ar 1   0 0 0 0
Ar 2 3.8 0 0 0
Configuration 10
-136.953
Ar 1   0 0 0 0
Ar 2 3.9 0 0 0
Configuration 11
-127.658
Ar 1   0 0 0 0
Ar 2 4.0 0 0 0
Configuration 12
-116.63
Ar 1   0 0 0 0
Ar 2 4.1 0 0 0
Configuration 13
-105.114
Ar 1   0 0 0 0
Ar 2 4.2 0 0 0
Configuration 14
-93.849
Ar 1   0 0 0 0
Ar 2 4.3 0 0 0
Configuration 15
-83.251
Ar 1   0 0 0 0
Ar 2 4.4 0 0 0
Configuration 16
-73.536
Ar 1   0 0 0 0
Ar 2 4.5 0 0 0
Configuration 17
-64.786
Ar 1   0 0 0 0
Ar 2 4.6 0 0 0
Configuration 19
-50.128
Ar 1   0 0 0 0
Ar 2 4.8 0 0 0
Configuration 21
-38.825
Ar 1   0 0 0 0
Ar 2 5.0 0 0 0
Configuration 22
-30.207
Ar 1   0 0 0 0
Ar 2 5.2 0 0 0
Configuration 23
-23.66
Ar 1   0 0 0 0
Ar 2 5.4 0 0 0
Configuration 24
-18.674
Ar 1   0 0 0 0
Ar 2 5.6 0 0 0
Configuration 25
-13.298
Ar 1   0 0 0 0
Ar 2 5.9 0 0 0
Configuration 27
-9.643
Ar 1   0 0 0 0
Ar 2 6.2 0 0 0
Configuration 28
-7.113
Ar 1   0 0 0 0
Ar 2 6.5 0 0 0
Configuration 29
-4.432
Ar 1   0 0 0 0
Ar 2 7.0 0 0 0
Configuration 32
-2.865
Ar 1   0 0 0 0
Ar 2 7.5 0 0 0
Configuration 33
-1.911
Ar 1   0 0 0 0
Ar 2 8.0 0 0 0
Configuration 35
-0.918
Ar 1   0 0 0 0
Ar 2 9.0 0 0 0
Configuration 36
-0.479
Ar 1   0 0 0 0
Ar 2 10. 0 0 0
Configuration 37
-0.156
Ar 1   0 0 0 0
Ar 2 12. 0 0 0
Configuration 38
-0.04
Ar 1   0 0 0 0
Ar 2 15. 0 0 0
